<?xml version="1.0" encoding="utf-8"?>
<CoverageSession xmlns:xsd="http://www.w3.org/2001/XMLSchema" xmlns:xsi="http://www.w3.org/2001/XMLSchema-instance" Version="4.7.922.0">
  <Summary numSequencePoints="981" visitedSequencePoints="118" numBranchPoints="263" visitedBranchPoints="21" sequenceCoverage="12.03" branchCoverage="7.98" maxCyclomaticComplexity="30" minCyclomaticComplexity="1" maxCrapScore="930" minCrapScore="1" visitedClasses="4" numClasses="17" visitedMethods="13" numMethods="77" />
  <Modules>
    <Module hash="F8-47-D0-05-CE-88-91-0B-55-E7-0C-57-56-F7-31-0F-1E-65-B3-0C">
      <Summary numSequencePoints="54" visitedSequencePoints="18" numBranchPoints="15" visitedBranchPoints="5" sequenceCoverage="33.33" branchCoverage="33.33" maxCyclomaticComplexity="1" minCyclomaticComplexity="1" maxCrapScore="2" minCrapScore="1" visitedClasses="1" numClasses="3" visitedMethods="5" numMethods="15" />
      <ModulePath>C:\Users\Lucas\Documents\AcademiaDoProgramador\BancoDeDados\ControleTarefas\AgendasTeste\bin\Debug\fine-code-coverage\build-output\AgendasTeste.dll</ModulePath>
      <ModuleTime>2021-06-28T20:55:17.1608386Z</ModuleTime>
      <ModuleName>AgendasTeste</ModuleName>
      <Files>
        <File uid="1" fullPath="C:\Users\Lucas\Documents\AcademiaDoProgramador\BancoDeDados\ControleTarefas\AgendasTeste\CompromissoTests.cs" />
        <File uid="2" fullPath="C:\Users\Lucas\Documents\AcademiaDoProgramador\BancoDeDados\ControleTarefas\AgendasTeste\ContatoTests.cs" />
        <File uid="3" fullPath="C:\Users\Lucas\Documents\AcademiaDoProgramador\BancoDeDados\ControleTarefas\AgendasTeste\TarefaTests.cs" />
      </Files>
      <Classes>
        <Class>
          <Summary numSequencePoints="18" visitedSequencePoints="0" numBranchPoints="5" visitedBranchPoints="0" sequenceCoverage="0" branchCoverage="0" maxCyclomaticComplexity="1" minCyclomaticComplexity="1" maxCrapScore="2" minCrapScore="2" visitedClasses="0" numClasses="1" visitedMethods="0" numMethods="5" />
          <FullName>AgendasTeste.CompromissoTests</FullName>
          <Methods>
            <Method visited="false" cyclomaticComplexity="1" nPathComplexity="0" sequenceCoverage="0" branchCoverage="0" crapScore="2" isConstructor="true" isStatic="false" isGetter="false" isSetter="false">
              <Summary numSequencePoints="5" visitedSequencePoints="0" numBranchPoints="1" visitedBranchPoints="0" sequenceCoverage="0" branchCoverage="0" maxCyclomaticComplexity="1" minCyclomaticComplexity="1" maxCrapScore="2" minCrapScore="2" visitedClasses="0" numClasses="0" visitedMethods="0" numMethods="1" />
              <MetadataToken>100663297</MetadataToken>
              <Name>System.Void AgendasTeste.CompromissoTests::.ctor()</Name>
              <FileRef uid="1" />
              <SequencePoints>
                <SequencePoint vc="0" uspid="1" ordinal="0" offset="0" sl="19" sc="9" el="19" ec="34" bec="0" bev="0" fileid="1" />
                <SequencePoint vc="0" uspid="2" ordinal="1" offset="7" sl="20" sc="9" el="20" ec="10" bec="0" bev="0" fileid="1" />
                <SequencePoint vc="0" uspid="3" ordinal="2" offset="8" sl="21" sc="13" el="21" ec="67" bec="0" bev="0" fileid="1" />
                <SequencePoint vc="0" uspid="4" ordinal="3" offset="19" sl="22" sc="13" el="22" ec="125" bec="0" bev="0" fileid="1" />
                <SequencePoint vc="0" uspid="5" ordinal="4" offset="58" sl="23" sc="9" el="23" ec="10" bec="0" bev="0" fileid="1" />
              </SequencePoints>
              <BranchPoints />
              <MethodPoint xsi:type="SequencePoint" vc="0" uspid="1" ordinal="0" offset="0" sl="19" sc="9" el="19" ec="34" bec="0" bev="0" fileid="1" />
            </Method>
            <Method visited="false" cyclomaticComplexity="1" nPathComplexity="0" sequenceCoverage="0" branchCoverage="0" crapScore="2" isConstructor="false" isStatic="false" isGetter="false" isSetter="false">
              <Summary numSequencePoints="3" visitedSequencePoints="0" numBranchPoints="1" visitedBranchPoints="0" sequenceCoverage="0" branchCoverage="0" maxCyclomaticComplexity="1" minCyclomaticComplexity="1" maxCrapScore="2" minCrapScore="2" visitedClasses="0" numClasses="0" visitedMethods="0" numMethods="1" />
              <MetadataToken>100663298</MetadataToken>
              <Name>System.Void AgendasTeste.CompromissoTests::DeveInserirCompromissos()</Name>
              <FileRef uid="1" />
              <SequencePoints>
                <SequencePoint vc="0" uspid="6" ordinal="0" offset="0" sl="27" sc="9" el="27" ec="10" bec="0" bev="0" fileid="1" />
                <SequencePoint vc="0" uspid="7" ordinal="1" offset="1" sl="28" sc="13" el="28" ec="98" bec="0" bev="0" fileid="1" />
                <SequencePoint vc="0" uspid="8" ordinal="2" offset="29" sl="29" sc="9" el="29" ec="10" bec="0" bev="0" fileid="1" />
              </SequencePoints>
              <BranchPoints />
              <MethodPoint xsi:type="SequencePoint" vc="0" uspid="6" ordinal="0" offset="0" sl="27" sc="9" el="27" ec="10" bec="0" bev="0" fileid="1" />
            </Method>
            <Method visited="false" cyclomaticComplexity="1" nPathComplexity="0" sequenceCoverage="0" branchCoverage="0" crapScore="2" isConstructor="false" isStatic="false" isGetter="false" isSetter="false">
              <Summary numSequencePoints="3" visitedSequencePoints="0" numBranchPoints="1" visitedBranchPoints="0" sequenceCoverage="0" branchCoverage="0" maxCyclomaticComplexity="1" minCyclomaticComplexity="1" maxCrapScore="2" minCrapScore="2" visitedClasses="0" numClasses="0" visitedMethods="0" numMethods="1" />
              <MetadataToken>100663299</MetadataToken>
              <Name>System.Void AgendasTeste.CompromissoTests::DeveAtualizarCompromissos()</Name>
              <FileRef uid="1" />
              <SequencePoints>
                <SequencePoint vc="0" uspid="9" ordinal="0" offset="0" sl="33" sc="9" el="33" ec="10" bec="0" bev="0" fileid="1" />
                <SequencePoint vc="0" uspid="10" ordinal="1" offset="1" sl="34" sc="13" el="34" ec="104" bec="0" bev="0" fileid="1" />
                <SequencePoint vc="0" uspid="11" ordinal="2" offset="30" sl="35" sc="9" el="35" ec="10" bec="0" bev="0" fileid="1" />
              </SequencePoints>
              <BranchPoints />
              <MethodPoint xsi:type="SequencePoint" vc="0" uspid="9" ordinal="0" offset="0" sl="33" sc="9" el="33" ec="10" bec="0" bev="0" fileid="1" />
            </Method>
            <Method visited="false" cyclomaticComplexity="1" nPathComplexity="0" sequenceCoverage="0" branchCoverage="0" crapScore="2" isConstructor="false" isStatic="false" isGetter="false" isSetter="false">
              <Summary numSequencePoints="3" visitedSequencePoints="0" numBranchPoints="1" visitedBranchPoints="0" sequenceCoverage="0" branchCoverage="0" maxCyclomaticComplexity="1" minCyclomaticComplexity="1" maxCrapScore="2" minCrapScore="2" visitedClasses="0" numClasses="0" visitedMethods="0" numMethods="1" />
              <MetadataToken>100663300</MetadataToken>
              <Name>System.Void AgendasTeste.CompromissoTests::DeveExcluirCompromissos()</Name>
              <FileRef uid="1" />
              <SequencePoints>
                <SequencePoint vc="0" uspid="12" ordinal="0" offset="0" sl="39" sc="9" el="39" ec="10" bec="0" bev="0" fileid="1" />
                <SequencePoint vc="0" uspid="13" ordinal="1" offset="1" sl="40" sc="13" el="40" ec="85" bec="0" bev="0" fileid="1" />
                <SequencePoint vc="0" uspid="14" ordinal="2" offset="24" sl="41" sc="9" el="41" ec="10" bec="0" bev="0" fileid="1" />
              </SequencePoints>
              <BranchPoints />
              <MethodPoint xsi:type="SequencePoint" vc="0" uspid="12" ordinal="0" offset="0" sl="39" sc="9" el="39" ec="10" bec="0" bev="0" fileid="1" />
            </Method>
            <Method visited="false" cyclomaticComplexity="1" nPathComplexity="0" sequenceCoverage="0" branchCoverage="0" crapScore="2" isConstructor="false" isStatic="false" isGetter="false" isSetter="false">
              <Summary numSequencePoints="4" visitedSequencePoints="0" numBranchPoints="1" visitedBranchPoints="0" sequenceCoverage="0" branchCoverage="0" maxCyclomaticComplexity="1" minCyclomaticComplexity="1" maxCrapScore="2" minCrapScore="2" visitedClasses="0" numClasses="0" visitedMethods="0" numMethods="1" />
              <MetadataToken>100663301</MetadataToken>
              <Name>System.Void AgendasTeste.CompromissoTests::DeveSelecionarTodosCompromissos()</Name>
              <FileRef uid="1" />
              <SequencePoints>
                <SequencePoint vc="0" uspid="15" ordinal="0" offset="0" sl="45" sc="9" el="45" ec="10" bec="0" bev="0" fileid="1" />
                <SequencePoint vc="0" uspid="16" ordinal="1" offset="1" sl="46" sc="13" el="46" ec="96" bec="0" bev="0" fileid="1" />
                <SequencePoint vc="0" uspid="17" ordinal="2" offset="13" sl="48" sc="13" el="48" ec="51" bec="0" bev="0" fileid="1" />
                <SequencePoint vc="0" uspid="18" ordinal="3" offset="28" sl="49" sc="9" el="49" ec="10" bec="0" bev="0" fileid="1" />
              </SequencePoints>
              <BranchPoints />
              <MethodPoint xsi:type="SequencePoint" vc="0" uspid="15" ordinal="0" offset="0" sl="45" sc="9" el="45" ec="10" bec="0" bev="0" fileid="1" />
            </Method>
          </Methods>
        </Class>
        <Class>
          <Summary numSequencePoints="18" visitedSequencePoints="18" numBranchPoints="5" visitedBranchPoints="5" sequenceCoverage="100" branchCoverage="100" maxCyclomaticComplexity="1" minCyclomaticComplexity="1" maxCrapScore="1" minCrapScore="1" visitedClasses="1" numClasses="1" visitedMethods="5" numMethods="5" />
          <FullName>AgendasTeste.ContatoTests</FullName>
          <Methods>
            <Method visited="true" cyclomaticComplexity="1" nPathComplexity="0" sequenceCoverage="100" branchCoverage="100" crapScore="1" isConstructor="true" isStatic="false" isGetter="false" isSetter="false">
              <Summary numSequencePoints="5" visitedSequencePoints="5" numBranchPoints="1" visitedBranchPoints="1" sequenceCoverage="100" branchCoverage="100" maxCyclomaticComplexity="1" minCyclomaticComplexity="1" maxCrapScore="1" minCrapScore="1" visitedClasses="0" numClasses="0" visitedMethods="1" numMethods="1" />
              <MetadataToken>100663302</MetadataToken>
              <Name>System.Void AgendasTeste.ContatoTests::.ctor()</Name>
              <FileRef uid="2" />
              <SequencePoints>
                <SequencePoint vc="4" uspid="19" ordinal="0" offset="0" sl="15" sc="9" el="15" ec="30" bec="0" bev="0" fileid="2" />
                <SequencePoint vc="4" uspid="20" ordinal="1" offset="7" sl="16" sc="9" el="16" ec="10" bec="0" bev="0" fileid="2" />
                <SequencePoint vc="4" uspid="21" ordinal="2" offset="8" sl="17" sc="13" el="17" ec="59" bec="0" bev="0" fileid="2" />
                <SequencePoint vc="4" uspid="22" ordinal="3" offset="19" sl="18" sc="13" el="18" ec="93" bec="0" bev="0" fileid="2" />
                <SequencePoint vc="4" uspid="23" ordinal="4" offset="55" sl="19" sc="9" el="19" ec="10" bec="0" bev="0" fileid="2" />
              </SequencePoints>
              <BranchPoints />
              <MethodPoint xsi:type="SequencePoint" vc="4" uspid="19" ordinal="0" offset="0" sl="15" sc="9" el="15" ec="30" bec="0" bev="0" fileid="2" />
            </Method>
            <Method visited="true" cyclomaticComplexity="1" nPathComplexity="0" sequenceCoverage="100" branchCoverage="100" crapScore="1" isConstructor="false" isStatic="false" isGetter="false" isSetter="false">
              <Summary numSequencePoints="3" visitedSequencePoints="3" numBranchPoints="1" visitedBranchPoints="1" sequenceCoverage="100" branchCoverage="100" maxCyclomaticComplexity="1" minCyclomaticComplexity="1" maxCrapScore="1" minCrapScore="1" visitedClasses="0" numClasses="0" visitedMethods="1" numMethods="1" />
              <MetadataToken>100663303</MetadataToken>
              <Name>System.Void AgendasTeste.ContatoTests::DeveInserirContato()</Name>
              <FileRef uid="2" />
              <SequencePoints>
                <SequencePoint vc="1" uspid="24" ordinal="0" offset="0" sl="23" sc="9" el="23" ec="10" bec="0" bev="0" fileid="2" />
                <SequencePoint vc="1" uspid="25" ordinal="1" offset="1" sl="24" sc="13" el="24" ec="90" bec="0" bev="0" fileid="2" />
                <SequencePoint vc="1" uspid="26" ordinal="2" offset="29" sl="25" sc="9" el="25" ec="10" bec="0" bev="0" fileid="2" />
              </SequencePoints>
              <BranchPoints />
              <MethodPoint xsi:type="SequencePoint" vc="1" uspid="24" ordinal="0" offset="0" sl="23" sc="9" el="23" ec="10" bec="0" bev="0" fileid="2" />
            </Method>
            <Method visited="true" cyclomaticComplexity="1" nPathComplexity="0" sequenceCoverage="100" branchCoverage="100" crapScore="1" isConstructor="false" isStatic="false" isGetter="false" isSetter="false">
              <Summary numSequencePoints="3" visitedSequencePoints="3" numBranchPoints="1" visitedBranchPoints="1" sequenceCoverage="100" branchCoverage="100" maxCyclomaticComplexity="1" minCyclomaticComplexity="1" maxCrapScore="1" minCrapScore="1" visitedClasses="0" numClasses="0" visitedMethods="1" numMethods="1" />
              <MetadataToken>100663304</MetadataToken>
              <Name>System.Void AgendasTeste.ContatoTests::DeveAtualizarContato()</Name>
              <FileRef uid="2" />
              <SequencePoints>
                <SequencePoint vc="1" uspid="27" ordinal="0" offset="0" sl="29" sc="9" el="29" ec="10" bec="0" bev="0" fileid="2" />
                <SequencePoint vc="1" uspid="28" ordinal="1" offset="1" sl="30" sc="13" el="30" ec="96" bec="0" bev="0" fileid="2" />
                <SequencePoint vc="1" uspid="29" ordinal="2" offset="30" sl="31" sc="9" el="31" ec="10" bec="0" bev="0" fileid="2" />
              </SequencePoints>
              <BranchPoints />
              <MethodPoint xsi:type="SequencePoint" vc="1" uspid="27" ordinal="0" offset="0" sl="29" sc="9" el="29" ec="10" bec="0" bev="0" fileid="2" />
            </Method>
            <Method visited="true" cyclomaticComplexity="1" nPathComplexity="0" sequenceCoverage="100" branchCoverage="100" crapScore="1" isConstructor="false" isStatic="false" isGetter="false" isSetter="false">
              <Summary numSequencePoints="3" visitedSequencePoints="3" numBranchPoints="1" visitedBranchPoints="1" sequenceCoverage="100" branchCoverage="100" maxCyclomaticComplexity="1" minCyclomaticComplexity="1" maxCrapScore="1" minCrapScore="1" visitedClasses="0" numClasses="0" visitedMethods="1" numMethods="1" />
              <MetadataToken>100663305</MetadataToken>
              <Name>System.Void AgendasTeste.ContatoTests::DeveExcluirContato()</Name>
              <FileRef uid="2" />
              <SequencePoints>
                <SequencePoint vc="1" uspid="30" ordinal="0" offset="0" sl="35" sc="9" el="35" ec="10" bec="0" bev="0" fileid="2" />
                <SequencePoint vc="1" uspid="31" ordinal="1" offset="1" sl="36" sc="13" el="36" ec="77" bec="0" bev="0" fileid="2" />
                <SequencePoint vc="1" uspid="32" ordinal="2" offset="24" sl="37" sc="9" el="37" ec="10" bec="0" bev="0" fileid="2" />
              </SequencePoints>
              <BranchPoints />
              <MethodPoint xsi:type="SequencePoint" vc="1" uspid="30" ordinal="0" offset="0" sl="35" sc="9" el="35" ec="10" bec="0" bev="0" fileid="2" />
            </Method>
            <Method visited="true" cyclomaticComplexity="1" nPathComplexity="0" sequenceCoverage="100" branchCoverage="100" crapScore="1" isConstructor="false" isStatic="false" isGetter="false" isSetter="false">
              <Summary numSequencePoints="4" visitedSequencePoints="4" numBranchPoints="1" visitedBranchPoints="1" sequenceCoverage="100" branchCoverage="100" maxCyclomaticComplexity="1" minCyclomaticComplexity="1" maxCrapScore="1" minCrapScore="1" visitedClasses="0" numClasses="0" visitedMethods="1" numMethods="1" />
              <MetadataToken>100663306</MetadataToken>
              <Name>System.Void AgendasTeste.ContatoTests::DeveSelecionarTodosContatos()</Name>
              <FileRef uid="2" />
              <SequencePoints>
                <SequencePoint vc="1" uspid="33" ordinal="0" offset="0" sl="41" sc="9" el="41" ec="10" bec="0" bev="0" fileid="2" />
                <SequencePoint vc="1" uspid="34" ordinal="1" offset="1" sl="42" sc="13" el="42" ec="84" bec="0" bev="0" fileid="2" />
                <SequencePoint vc="1" uspid="35" ordinal="2" offset="13" sl="44" sc="13" el="44" ec="47" bec="0" bev="0" fileid="2" />
                <SequencePoint vc="1" uspid="36" ordinal="3" offset="28" sl="45" sc="9" el="45" ec="10" bec="0" bev="0" fileid="2" />
              </SequencePoints>
              <BranchPoints />
              <MethodPoint xsi:type="SequencePoint" vc="1" uspid="33" ordinal="0" offset="0" sl="41" sc="9" el="41" ec="10" bec="0" bev="0" fileid="2" />
            </Method>
          </Methods>
        </Class>
        <Class>
          <Summary numSequencePoints="18" visitedSequencePoints="0" numBranchPoints="5" visitedBranchPoints="0" sequenceCoverage="0" branchCoverage="0" maxCyclomaticComplexity="1" minCyclomaticComplexity="1" maxCrapScore="2" minCrapScore="2" visitedClasses="0" numClasses="1" visitedMethods="0" numMethods="5" />
          <FullName>AgendasTeste.TarefaTests</FullName>
          <Methods>
            <Method visited="false" cyclomaticComplexity="1" nPathComplexity="0" sequenceCoverage="0" branchCoverage="0" crapScore="2" isConstructor="true" isStatic="false" isGetter="false" isSetter="false">
              <Summary numSequencePoints="5" visitedSequencePoints="0" numBranchPoints="1" visitedBranchPoints="0" sequenceCoverage="0" branchCoverage="0" maxCyclomaticComplexity="1" minCyclomaticComplexity="1" maxCrapScore="2" minCrapScore="2" visitedClasses="0" numClasses="0" visitedMethods="0" numMethods="1" />
              <MetadataToken>100663307</MetadataToken>
              <Name>System.Void AgendasTeste.TarefaTests::.ctor()</Name>
              <FileRef uid="3" />
              <SequencePoints>
                <SequencePoint vc="0" uspid="37" ordinal="0" offset="0" sl="16" sc="9" el="16" ec="29" bec="0" bev="0" fileid="3" />
                <SequencePoint vc="0" uspid="38" ordinal="1" offset="7" sl="17" sc="9" el="17" ec="10" bec="0" bev="0" fileid="3" />
                <SequencePoint vc="0" uspid="39" ordinal="2" offset="8" sl="18" sc="13" el="18" ec="57" bec="0" bev="0" fileid="3" />
                <SequencePoint vc="0" uspid="40" ordinal="3" offset="19" sl="19" sc="13" el="19" ec="111" bec="0" bev="0" fileid="3" />
                <SequencePoint vc="0" uspid="41" ordinal="4" offset="57" sl="20" sc="9" el="20" ec="10" bec="0" bev="0" fileid="3" />
              </SequencePoints>
              <BranchPoints />
              <MethodPoint xsi:type="SequencePoint" vc="0" uspid="37" ordinal="0" offset="0" sl="16" sc="9" el="16" ec="29" bec="0" bev="0" fileid="3" />
            </Method>
            <Method visited="false" cyclomaticComplexity="1" nPathComplexity="0" sequenceCoverage="0" branchCoverage="0" crapScore="2" isConstructor="false" isStatic="false" isGetter="false" isSetter="false">
              <Summary numSequencePoints="3" visitedSequencePoints="0" numBranchPoints="1" visitedBranchPoints="0" sequenceCoverage="0" branchCoverage="0" maxCyclomaticComplexity="1" minCyclomaticComplexity="1" maxCrapScore="2" minCrapScore="2" visitedClasses="0" numClasses="0" visitedMethods="0" numMethods="1" />
              <MetadataToken>100663308</MetadataToken>
              <Name>System.Void AgendasTeste.TarefaTests::DeveInserirTarefa()</Name>
              <FileRef uid="3" />
              <SequencePoints>
                <SequencePoint vc="0" uspid="42" ordinal="0" offset="0" sl="24" sc="9" el="24" ec="10" bec="0" bev="0" fileid="3" />
                <SequencePoint vc="0" uspid="43" ordinal="1" offset="1" sl="25" sc="13" el="25" ec="88" bec="0" bev="0" fileid="3" />
                <SequencePoint vc="0" uspid="44" ordinal="2" offset="29" sl="26" sc="9" el="26" ec="10" bec="0" bev="0" fileid="3" />
              </SequencePoints>
              <BranchPoints />
              <MethodPoint xsi:type="SequencePoint" vc="0" uspid="42" ordinal="0" offset="0" sl="24" sc="9" el="24" ec="10" bec="0" bev="0" fileid="3" />
            </Method>
            <Method visited="false" cyclomaticComplexity="1" nPathComplexity="0" sequenceCoverage="0" branchCoverage="0" crapScore="2" isConstructor="false" isStatic="false" isGetter="false" isSetter="false">
              <Summary numSequencePoints="3" visitedSequencePoints="0" numBranchPoints="1" visitedBranchPoints="0" sequenceCoverage="0" branchCoverage="0" maxCyclomaticComplexity="1" minCyclomaticComplexity="1" maxCrapScore="2" minCrapScore="2" visitedClasses="0" numClasses="0" visitedMethods="0" numMethods="1" />
              <MetadataToken>100663309</MetadataToken>
              <Name>System.Void AgendasTeste.TarefaTests::DeveAtualizarTarefa()</Name>
              <FileRef uid="3" />
              <SequencePoints>
                <SequencePoint vc="0" uspid="45" ordinal="0" offset="0" sl="30" sc="9" el="30" ec="10" bec="0" bev="0" fileid="3" />
                <SequencePoint vc="0" uspid="46" ordinal="1" offset="1" sl="31" sc="13" el="31" ec="94" bec="0" bev="0" fileid="3" />
                <SequencePoint vc="0" uspid="47" ordinal="2" offset="30" sl="32" sc="9" el="32" ec="10" bec="0" bev="0" fileid="3" />
              </SequencePoints>
              <BranchPoints />
              <MethodPoint xsi:type="SequencePoint" vc="0" uspid="45" ordinal="0" offset="0" sl="30" sc="9" el="30" ec="10" bec="0" bev="0" fileid="3" />
            </Method>
            <Method visited="false" cyclomaticComplexity="1" nPathComplexity="0" sequenceCoverage="0" branchCoverage="0" crapScore="2" isConstructor="false" isStatic="false" isGetter="false" isSetter="false">
              <Summary numSequencePoints="3" visitedSequencePoints="0" numBranchPoints="1" visitedBranchPoints="0" sequenceCoverage="0" branchCoverage="0" maxCyclomaticComplexity="1" minCyclomaticComplexity="1" maxCrapScore="2" minCrapScore="2" visitedClasses="0" numClasses="0" visitedMethods="0" numMethods="1" />
              <MetadataToken>100663310</MetadataToken>
              <Name>System.Void AgendasTeste.TarefaTests::DeveExcluirTarefa()</Name>
              <FileRef uid="3" />
              <SequencePoints>
                <SequencePoint vc="0" uspid="48" ordinal="0" offset="0" sl="36" sc="9" el="36" ec="10" bec="0" bev="0" fileid="3" />
                <SequencePoint vc="0" uspid="49" ordinal="1" offset="1" sl="37" sc="13" el="37" ec="75" bec="0" bev="0" fileid="3" />
                <SequencePoint vc="0" uspid="50" ordinal="2" offset="24" sl="38" sc="9" el="38" ec="10" bec="0" bev="0" fileid="3" />
              </SequencePoints>
              <BranchPoints />
              <MethodPoint xsi:type="SequencePoint" vc="0" uspid="48" ordinal="0" offset="0" sl="36" sc="9" el="36" ec="10" bec="0" bev="0" fileid="3" />
            </Method>
            <Method visited="false" cyclomaticComplexity="1" nPathComplexity="0" sequenceCoverage="0" branchCoverage="0" crapScore="2" isConstructor="false" isStatic="false" isGetter="false" isSetter="false">
              <Summary numSequencePoints="4" visitedSequencePoints="0" numBranchPoints="1" visitedBranchPoints="0" sequenceCoverage="0" branchCoverage="0" maxCyclomaticComplexity="1" minCyclomaticComplexity="1" maxCrapScore="2" minCrapScore="2" visitedClasses="0" numClasses="0" visitedMethods="0" numMethods="1" />
              <MetadataToken>100663311</MetadataToken>
              <Name>System.Void AgendasTeste.TarefaTests::DeveSelecionarTodosTarefas()</Name>
              <FileRef uid="3" />
              <SequencePoints>
                <SequencePoint vc="0" uspid="51" ordinal="0" offset="0" sl="42" sc="9" el="42" ec="10" bec="0" bev="0" fileid="3" />
                <SequencePoint vc="0" uspid="52" ordinal="1" offset="1" sl="43" sc="13" el="43" ec="81" bec="0" bev="0" fileid="3" />
                <SequencePoint vc="0" uspid="53" ordinal="2" offset="13" sl="45" sc="13" el="45" ec="46" bec="0" bev="0" fileid="3" />
                <SequencePoint vc="0" uspid="54" ordinal="3" offset="28" sl="46" sc="9" el="46" ec="10" bec="0" bev="0" fileid="3" />
              </SequencePoints>
              <BranchPoints />
              <MethodPoint xsi:type="SequencePoint" vc="0" uspid="51" ordinal="0" offset="0" sl="42" sc="9" el="42" ec="10" bec="0" bev="0" fileid="3" />
            </Method>
          </Methods>
        </Class>
      </Classes>
    </Module>
    <Module hash="D6-C7-07-90-08-48-6B-40-03-D3-7F-F7-E3-20-01-91-18-C5-7E-AB">
      <Summary numSequencePoints="927" visitedSequencePoints="100" numBranchPoints="248" visitedBranchPoints="16" sequenceCoverage="10.79" branchCoverage="6.45" maxCyclomaticComplexity="30" minCyclomaticComplexity="1" maxCrapScore="930" minCrapScore="1" visitedClasses="3" numClasses="14" visitedMethods="8" numMethods="62" />
      <ModulePath>C:\Users\Lucas\Documents\AcademiaDoProgramador\BancoDeDados\ControleTarefas\AgendasTeste\bin\Debug\fine-code-coverage\build-output\ConsoleAppControleTarefas.exe</ModulePath>
      <ModuleTime>2021-06-28T20:53:09.0513805Z</ModuleTime>
      <ModuleName>ConsoleAppControleTarefas</ModuleName>
      <Files>
        <File uid="7" fullPath="C:\Users\Lucas\Documents\AcademiaDoProgramador\BancoDeDados\ControleTarefas\ConsoleAppControleTarefas\Controladores\ControladorBase.cs" />
        <File uid="8" fullPath="C:\Users\Lucas\Documents\AcademiaDoProgramador\BancoDeDados\ControleTarefas\ConsoleAppControleTarefas\Controladores\ControladorTarefa.cs" />
        <File uid="9" fullPath="C:\Users\Lucas\Documents\AcademiaDoProgramador\BancoDeDados\ControleTarefas\ConsoleAppControleTarefas\Program.cs" />
        <File uid="10" fullPath="C:\Users\Lucas\Documents\AcademiaDoProgramador\BancoDeDados\ControleTarefas\ConsoleAppControleTarefas\Dominio\Tarefa.cs" />
        <File uid="11" fullPath="C:\Users\Lucas\Documents\AcademiaDoProgramador\BancoDeDados\ControleTarefas\ConsoleAppControleTarefas\Telas\TelaBase.cs" />
        <File uid="12" fullPath="C:\Users\Lucas\Documents\AcademiaDoProgramador\BancoDeDados\ControleTarefas\ConsoleAppControleTarefas\Telas\TelaCadastro.cs" />
        <File uid="13" fullPath="C:\Users\Lucas\Documents\AcademiaDoProgramador\BancoDeDados\ControleTarefas\ConsoleAppControleTarefas\Telas\TelaPrincipal.cs" />
        <File uid="14" fullPath="C:\Users\Lucas\Documents\AcademiaDoProgramador\BancoDeDados\ControleTarefas\ConsoleAppControleTarefas\Telas\TelaTarefa.cs" />
        <File uid="15" fullPath="C:\Users\Lucas\Documents\AcademiaDoProgramador\BancoDeDados\ControleTarefas\ConsoleAppControleTarefas\Telas\TelaCompromisso.cs" />
        <File uid="16" fullPath="C:\Users\Lucas\Documents\AcademiaDoProgramador\BancoDeDados\ControleTarefas\ConsoleAppControleTarefas\Telas\TelaContato.cs" />
        <File uid="17" fullPath="C:\Users\Lucas\Documents\AcademiaDoProgramador\BancoDeDados\ControleTarefas\ConsoleAppControleTarefas\Dominio\Compromisso.cs" />
        <File uid="18" fullPath="C:\Users\Lucas\Documents\AcademiaDoProgramador\BancoDeDados\ControleTarefas\ConsoleAppControleTarefas\Dominio\Contato.cs" />
        <File uid="19" fullPath="C:\Users\Lucas\Documents\AcademiaDoProgramador\BancoDeDados\ControleTarefas\ConsoleAppControleTarefas\Controladores\ControladorCompromisso.cs" />
        <File uid="20" fullPath="C:\Users\Lucas\Documents\AcademiaDoProgramador\BancoDeDados\ControleTarefas\ConsoleAppControleTarefas\Controladores\ControladorContato.cs" />
      </Files>
      <Classes>
        <Class>
          <Summary numSequencePoints="8" visitedSequencePoints="8" numBranchPoints="2" visitedBranchPoints="2" sequenceCoverage="100" branchCoverage="100" maxCyclomaticComplexity="1" minCyclomaticComplexity="1" maxCrapScore="1" minCrapScore="1" visitedClasses="1" numClasses="1" visitedMethods="2" numMethods="2" />
          <FullName>ConsoleAppControleTarefas.ControladorBase`1</FullName>
          <Methods>
            <Method visited="true" cyclomaticComplexity="1" nPathComplexity="0" sequenceCoverage="100" branchCoverage="100" crapScore="1" isConstructor="false" isStatic="false" isGetter="false" isSetter="false">
              <Summary numSequencePoints="7" visitedSequencePoints="7" numBranchPoints="1" visitedBranchPoints="1" sequenceCoverage="100" branchCoverage="100" maxCyclomaticComplexity="1" minCyclomaticComplexity="1" maxCrapScore="1" minCrapScore="1" visitedClasses="0" numClasses="0" visitedMethods="1" numMethods="1" />
              <MetadataToken>100663297</MetadataToken>
              <Name>System.Data.SqlClient.SqlConnection ConsoleAppControleTarefas.ControladorBase`1::AbrindoConexaoDB()</Name>
              <FileRef uid="7" />
              <SequencePoints>
                <SequencePoint vc="4" uspid="55" ordinal="0" offset="0" sl="15" sc="49" el="15" ec="50" bec="0" bev="0" fileid="7" />
                <SequencePoint vc="4" uspid="56" ordinal="1" offset="1" sl="16" sc="13" el="17" ec="119" bec="0" bev="0" fileid="7" />
                <SequencePoint vc="4" uspid="57" ordinal="2" offset="7" sl="19" sc="13" el="19" ec="65" bec="0" bev="0" fileid="7" />
                <SequencePoint vc="4" uspid="58" ordinal="3" offset="13" sl="20" sc="13" el="20" ec="65" bec="0" bev="0" fileid="7" />
                <SequencePoint vc="4" uspid="59" ordinal="4" offset="21" sl="21" sc="13" el="21" ec="36" bec="0" bev="0" fileid="7" />
                <SequencePoint vc="4" uspid="60" ordinal="5" offset="28" sl="22" sc="13" el="22" ec="36" bec="0" bev="0" fileid="7" />
                <SequencePoint vc="4" uspid="61" ordinal="6" offset="32" sl="23" sc="9" el="23" ec="10" bec="0" bev="0" fileid="7" />
              </SequencePoints>
              <BranchPoints />
              <MethodPoint xsi:type="SequencePoint" vc="4" uspid="55" ordinal="0" offset="0" sl="15" sc="49" el="15" ec="50" bec="0" bev="0" fileid="7" />
            </Method>
            <Method visited="true" cyclomaticComplexity="1" nPathComplexity="0" sequenceCoverage="100" branchCoverage="100" crapScore="1" isConstructor="true" isStatic="false" isGetter="false" isSetter="false">
              <Summary numSequencePoints="1" visitedSequencePoints="1" numBranchPoints="1" visitedBranchPoints="1" sequenceCoverage="100" branchCoverage="100" maxCyclomaticComplexity="1" minCyclomaticComplexity="1" maxCrapScore="1" minCrapScore="1" visitedClasses="0" numClasses="0" visitedMethods="1" numMethods="1" />
              <MetadataToken>100663303</MetadataToken>
              <Name>System.Void ConsoleAppControleTarefas.ControladorBase`1::.ctor()</Name>
              <FileRef uid="7" />
              <SequencePoints>
                <SequencePoint vc="4" uspid="62" ordinal="0" offset="0" sl="13" sc="9" el="13" ec="53" bec="0" bev="0" fileid="7" />
              </SequencePoints>
              <BranchPoints />
              <MethodPoint xsi:type="SequencePoint" vc="4" uspid="62" ordinal="0" offset="0" sl="13" sc="9" el="13" ec="53" bec="0" bev="0" fileid="7" />
            </Method>
          </Methods>
        </Class>
        <Class>
          <Summary numSequencePoints="141" visitedSequencePoints="0" numBranchPoints="19" visitedBranchPoints="0" sequenceCoverage="0" branchCoverage="0" maxCyclomaticComplexity="2" minCyclomaticComplexity="1" maxCrapScore="6" minCrapScore="2" visitedClasses="0" numClasses="1" visitedMethods="0" numMethods="7" />
          <FullName>ConsoleAppControleTarefas.ControladorTarefa</FullName>
          <Methods>
            <Method visited="false" cyclomaticComplexity="2" nPathComplexity="2" sequenceCoverage="0" branchCoverage="0" crapScore="6" isConstructor="false" isStatic="false" isGetter="false" isSetter="false">
              <Summary numSequencePoints="21" visitedSequencePoints="0" numBranchPoints="3" visitedBranchPoints="0" sequenceCoverage="0" branchCoverage="0" maxCyclomaticComplexity="2" minCyclomaticComplexity="2" maxCrapScore="6" minCrapScore="6" visitedClasses="0" numClasses="0" visitedMethods="0" numMethods="1" />
              <MetadataToken>100663304</MetadataToken>
              <Name>System.String ConsoleAppControleTarefas.ControladorTarefa::InserirNovo(ConsoleAppControleTarefas.Tarefa)</Name>
              <FileRef uid="8" />
              <SequencePoints>
                <SequencePoint vc="0" uspid="63" ordinal="0" offset="0" sl="15" sc="9" el="15" ec="10" bec="0" bev="0" fileid="8" />
                <SequencePoint vc="0" uspid="64" ordinal="1" offset="1" sl="16" sc="13" el="16" ec="49" bec="0" bev="0" fileid="8" />
                <SequencePoint vc="0" uspid="65" ordinal="2" offset="8" sl="18" sc="13" el="18" ec="44" bec="2" bev="0" fileid="8" />
                <SequencePoint vc="0" uspid="66" ordinal="3" offset="26" sl="19" sc="13" el="19" ec="14" bec="0" bev="0" fileid="8" />
                <SequencePoint vc="0" uspid="67" ordinal="4" offset="27" sl="21" sc="17" el="21" ec="68" bec="0" bev="0" fileid="8" />
                <SequencePoint vc="0" uspid="68" ordinal="5" offset="34" sl="23" sc="17" el="23" ec="63" bec="0" bev="0" fileid="8" />
                <SequencePoint vc="0" uspid="69" ordinal="6" offset="40" sl="24" sc="17" el="24" ec="62" bec="0" bev="0" fileid="8" />
                <SequencePoint vc="0" uspid="70" ordinal="7" offset="48" sl="26" sc="17" el="42" ec="25" bec="0" bev="0" fileid="8" />
                <SequencePoint vc="0" uspid="71" ordinal="8" offset="55" sl="44" sc="17" el="45" ec="49" bec="0" bev="0" fileid="8" />
                <SequencePoint vc="0" uspid="72" ordinal="9" offset="69" sl="47" sc="17" el="47" ec="59" bec="0" bev="0" fileid="8" />
                <SequencePoint vc="0" uspid="73" ordinal="10" offset="78" sl="49" sc="17" el="49" ec="90" bec="0" bev="0" fileid="8" />
                <SequencePoint vc="0" uspid="74" ordinal="11" offset="101" sl="50" sc="17" el="50" ec="82" bec="0" bev="0" fileid="8" />
                <SequencePoint vc="0" uspid="75" ordinal="12" offset="124" sl="51" sc="17" el="51" ec="92" bec="0" bev="0" fileid="8" />
                <SequencePoint vc="0" uspid="76" ordinal="13" offset="152" sl="52" sc="17" el="52" ec="96" bec="0" bev="0" fileid="8" />
                <SequencePoint vc="0" uspid="77" ordinal="14" offset="180" sl="53" sc="17" el="53" ec="90" bec="0" bev="0" fileid="8" />
                <SequencePoint vc="0" uspid="78" ordinal="15" offset="208" sl="55" sc="17" el="55" ec="61" bec="0" bev="0" fileid="8" />
                <SequencePoint vc="0" uspid="79" ordinal="16" offset="216" sl="57" sc="17" el="57" ec="49" bec="0" bev="0" fileid="8" />
                <SequencePoint vc="0" uspid="80" ordinal="17" offset="229" sl="59" sc="17" el="59" ec="41" bec="0" bev="0" fileid="8" />
                <SequencePoint vc="0" uspid="81" ordinal="18" offset="236" sl="60" sc="13" el="60" ec="14" bec="0" bev="0" fileid="8" />
                <SequencePoint vc="0" uspid="82" ordinal="19" offset="237" sl="62" sc="13" el="62" ec="30" bec="0" bev="0" fileid="8" />
                <SequencePoint vc="0" uspid="83" ordinal="20" offset="242" sl="63" sc="9" el="63" ec="10" bec="0" bev="0" fileid="8" />
              </SequencePoints>
              <BranchPoints>
                <BranchPoint vc="0" uspid="84" ordinal="0" offset="21" sl="18" path="0" offsetend="26" fileid="8" />
                <BranchPoint vc="0" uspid="85" ordinal="1" offset="21" sl="18" path="1" offsetend="237" fileid="8" />
              </BranchPoints>
              <MethodPoint xsi:type="SequencePoint" vc="0" uspid="63" ordinal="0" offset="0" sl="15" sc="9" el="15" ec="10" bec="0" bev="0" fileid="8" />
            </Method>
            <Method visited="false" cyclomaticComplexity="2" nPathComplexity="2" sequenceCoverage="0" branchCoverage="0" crapScore="6" isConstructor="false" isStatic="false" isGetter="false" isSetter="false">
              <Summary numSequencePoints="23" visitedSequencePoints="0" numBranchPoints="3" visitedBranchPoints="0" sequenceCoverage="0" branchCoverage="0" maxCyclomaticComplexity="2" minCyclomaticComplexity="2" maxCrapScore="6" minCrapScore="6" visitedClasses="0" numClasses="0" visitedMethods="0" numMethods="1" />
              <MetadataToken>100663305</MetadataToken>
              <Name>System.Collections.Generic.List`1&lt;ConsoleAppControleTarefas.Tarefa&gt; ConsoleAppControleTarefas.ControladorTarefa::SelecionarTodosRegistros()</Name>
              <FileRef uid="8" />
              <SequencePoints>
                <SequencePoint vc="0" uspid="86" ordinal="0" offset="0" sl="66" sc="9" el="66" ec="10" bec="0" bev="0" fileid="8" />
                <SequencePoint vc="0" uspid="87" ordinal="1" offset="1" sl="68" sc="13" el="68" ec="64" bec="0" bev="0" fileid="8" />
                <SequencePoint vc="0" uspid="88" ordinal="2" offset="8" sl="70" sc="13" el="70" ec="58" bec="0" bev="0" fileid="8" />
                <SequencePoint vc="0" uspid="89" ordinal="3" offset="14" sl="71" sc="13" el="71" ec="57" bec="0" bev="0" fileid="8" />
                <SequencePoint vc="0" uspid="90" ordinal="4" offset="22" sl="73" sc="13" el="88" ec="26" bec="0" bev="0" fileid="8" />
                <SequencePoint vc="0" uspid="91" ordinal="5" offset="28" sl="91" sc="13" el="91" ec="53" bec="0" bev="0" fileid="8" />
                <SequencePoint vc="0" uspid="92" ordinal="6" offset="36" sl="93" sc="13" el="93" ec="74" bec="0" bev="0" fileid="8" />
                <SequencePoint vc="0" uspid="93" ordinal="7" offset="43" sl="95" sc="13" el="95" ec="55" bec="0" bev="0" fileid="8" />
                <SequencePoint vc="0" uspid="94" ordinal="8" offset="55" sl="98" sc="13" el="98" ec="14" bec="0" bev="0" fileid="8" />
                <SequencePoint vc="0" uspid="95" ordinal="9" offset="56" sl="99" sc="17" el="99" ec="63" bec="0" bev="0" fileid="8" />
                <SequencePoint vc="0" uspid="96" ordinal="10" offset="74" sl="100" sc="17" el="100" ec="83" bec="0" bev="0" fileid="8" />
                <SequencePoint vc="0" uspid="97" ordinal="11" offset="92" sl="101" sc="17" el="101" ec="75" bec="0" bev="0" fileid="8" />
                <SequencePoint vc="0" uspid="98" ordinal="12" offset="110" sl="102" sc="17" el="102" ec="89" bec="0" bev="0" fileid="8" />
                <SequencePoint vc="0" uspid="99" ordinal="13" offset="128" sl="103" sc="17" el="103" ec="93" bec="0" bev="0" fileid="8" />
                <SequencePoint vc="0" uspid="100" ordinal="14" offset="146" sl="104" sc="17" el="104" ec="85" bec="0" bev="0" fileid="8" />
                <SequencePoint vc="0" uspid="101" ordinal="15" offset="164" sl="106" sc="17" el="106" ec="99" bec="0" bev="0" fileid="8" />
                <SequencePoint vc="0" uspid="102" ordinal="16" offset="181" sl="107" sc="17" el="107" ec="27" bec="0" bev="0" fileid="8" />
                <SequencePoint vc="0" uspid="103" ordinal="17" offset="190" sl="109" sc="17" el="109" ec="32" bec="0" bev="0" fileid="8" />
                <SequencePoint vc="0" uspid="104" ordinal="18" offset="200" sl="110" sc="13" el="110" ec="14" bec="0" bev="0" fileid="8" />
                <SequencePoint vc="0" uspid="105" ordinal="19" offset="201" sl="97" sc="13" el="97" ec="41" bec="2" bev="0" fileid="8" />
                <SequencePoint vc="0" uspid="106" ordinal="20" offset="216" sl="112" sc="13" el="112" ec="37" bec="0" bev="0" fileid="8" />
                <SequencePoint vc="0" uspid="107" ordinal="21" offset="223" sl="114" sc="13" el="114" ec="28" bec="0" bev="0" fileid="8" />
                <SequencePoint vc="0" uspid="108" ordinal="22" offset="229" sl="115" sc="9" el="115" ec="10" bec="0" bev="0" fileid="8" />
              </SequencePoints>
              <BranchPoints>
                <BranchPoint vc="0" uspid="109" ordinal="0" offset="211" sl="97" path="0" offsetend="216" fileid="8" />
                <BranchPoint vc="0" uspid="110" ordinal="1" offset="211" sl="97" path="1" offsetend="55" fileid="8" />
              </BranchPoints>
              <MethodPoint xsi:type="SequencePoint" vc="0" uspid="86" ordinal="0" offset="0" sl="66" sc="9" el="66" ec="10" bec="0" bev="0" fileid="8" />
            </Method>
            <Method visited="false" cyclomaticComplexity="2" nPathComplexity="2" sequenceCoverage="0" branchCoverage="0" crapScore="6" isConstructor="false" isStatic="false" isGetter="false" isSetter="false">
              <Summary numSequencePoints="19" visitedSequencePoints="0" numBranchPoints="3" visitedBranchPoints="0" sequenceCoverage="0" branchCoverage="0" maxCyclomaticComplexity="2" minCyclomaticComplexity="2" maxCrapScore="6" minCrapScore="6" visitedClasses="0" numClasses="0" visitedMethods="0" numMethods="1" />
              <MetadataToken>100663306</MetadataToken>
              <Name>System.String ConsoleAppControleTarefas.ControladorTarefa::EditarRegistro(System.Int32,ConsoleAppControleTarefas.Tarefa)</Name>
              <FileRef uid="8" />
              <SequencePoints>
                <SequencePoint vc="0" uspid="111" ordinal="0" offset="0" sl="118" sc="9" el="118" ec="10" bec="0" bev="0" fileid="8" />
                <SequencePoint vc="0" uspid="112" ordinal="1" offset="1" sl="120" sc="13" el="120" ec="49" bec="0" bev="0" fileid="8" />
                <SequencePoint vc="0" uspid="113" ordinal="2" offset="8" sl="122" sc="13" el="122" ec="43" bec="2" bev="0" fileid="8" />
                <SequencePoint vc="0" uspid="114" ordinal="3" offset="26" sl="123" sc="13" el="123" ec="14" bec="0" bev="0" fileid="8" />
                <SequencePoint vc="0" uspid="115" ordinal="4" offset="27" sl="124" sc="17" el="124" ec="68" bec="0" bev="0" fileid="8" />
                <SequencePoint vc="0" uspid="116" ordinal="5" offset="34" sl="126" sc="17" el="126" ec="66" bec="0" bev="0" fileid="8" />
                <SequencePoint vc="0" uspid="117" ordinal="6" offset="40" sl="127" sc="17" el="127" ec="65" bec="0" bev="0" fileid="8" />
                <SequencePoint vc="0" uspid="118" ordinal="7" offset="48" sl="129" sc="17" el="137" ec="31" bec="0" bev="0" fileid="8" />
                <SequencePoint vc="0" uspid="119" ordinal="8" offset="55" sl="139" sc="17" el="139" ec="65" bec="0" bev="0" fileid="8" />
                <SequencePoint vc="0" uspid="120" ordinal="9" offset="64" sl="141" sc="17" el="141" ec="80" bec="0" bev="0" fileid="8" />
                <SequencePoint vc="0" uspid="121" ordinal="10" offset="87" sl="142" sc="17" el="142" ec="93" bec="0" bev="0" fileid="8" />
                <SequencePoint vc="0" uspid="122" ordinal="11" offset="110" sl="143" sc="17" el="143" ec="85" bec="0" bev="0" fileid="8" />
                <SequencePoint vc="0" uspid="123" ordinal="12" offset="133" sl="144" sc="17" el="144" ec="99" bec="0" bev="0" fileid="8" />
                <SequencePoint vc="0" uspid="124" ordinal="13" offset="161" sl="145" sc="17" el="145" ec="93" bec="0" bev="0" fileid="8" />
                <SequencePoint vc="0" uspid="125" ordinal="14" offset="189" sl="147" sc="17" el="147" ec="54" bec="0" bev="0" fileid="8" />
                <SequencePoint vc="0" uspid="126" ordinal="15" offset="196" sl="149" sc="17" el="149" ec="41" bec="0" bev="0" fileid="8" />
                <SequencePoint vc="0" uspid="127" ordinal="16" offset="203" sl="150" sc="13" el="150" ec="14" bec="0" bev="0" fileid="8" />
                <SequencePoint vc="0" uspid="128" ordinal="17" offset="204" sl="152" sc="13" el="152" ec="30" bec="0" bev="0" fileid="8" />
                <SequencePoint vc="0" uspid="129" ordinal="18" offset="209" sl="153" sc="9" el="153" ec="10" bec="0" bev="0" fileid="8" />
              </SequencePoints>
              <BranchPoints>
                <BranchPoint vc="0" uspid="130" ordinal="0" offset="21" sl="122" path="0" offsetend="26" fileid="8" />
                <BranchPoint vc="0" uspid="131" ordinal="1" offset="21" sl="122" path="1" offsetend="204" fileid="8" />
              </BranchPoints>
              <MethodPoint xsi:type="SequencePoint" vc="0" uspid="111" ordinal="0" offset="0" sl="118" sc="9" el="118" ec="10" bec="0" bev="0" fileid="8" />
            </Method>
            <Method visited="false" cyclomaticComplexity="1" nPathComplexity="0" sequenceCoverage="0" branchCoverage="0" crapScore="2" isConstructor="false" isStatic="false" isGetter="false" isSetter="false">
              <Summary numSequencePoints="11" visitedSequencePoints="0" numBranchPoints="1" visitedBranchPoints="0" sequenceCoverage="0" branchCoverage="0" maxCyclomaticComplexity="1" minCyclomaticComplexity="1" maxCrapScore="2" minCrapScore="2" visitedClasses="0" numClasses="0" visitedMethods="0" numMethods="1" />
              <MetadataToken>100663307</MetadataToken>
              <Name>System.Boolean ConsoleAppControleTarefas.ControladorTarefa::ExcluirRegistro(ConsoleAppControleTarefas.Tarefa)</Name>
              <FileRef uid="8" />
              <SequencePoints>
                <SequencePoint vc="0" uspid="132" ordinal="0" offset="0" sl="156" sc="9" el="156" ec="10" bec="0" bev="0" fileid="8" />
                <SequencePoint vc="0" uspid="133" ordinal="1" offset="1" sl="158" sc="13" el="158" ec="64" bec="0" bev="0" fileid="8" />
                <SequencePoint vc="0" uspid="134" ordinal="2" offset="8" sl="160" sc="13" el="160" ec="59" bec="0" bev="0" fileid="8" />
                <SequencePoint vc="0" uspid="135" ordinal="3" offset="14" sl="161" sc="13" el="161" ec="58" bec="0" bev="0" fileid="8" />
                <SequencePoint vc="0" uspid="136" ordinal="4" offset="22" sl="163" sc="13" el="166" ec="31" bec="0" bev="0" fileid="8" />
                <SequencePoint vc="0" uspid="137" ordinal="5" offset="28" sl="168" sc="13" el="168" ec="55" bec="0" bev="0" fileid="8" />
                <SequencePoint vc="0" uspid="138" ordinal="6" offset="36" sl="170" sc="13" el="170" ec="70" bec="0" bev="0" fileid="8" />
                <SequencePoint vc="0" uspid="139" ordinal="7" offset="64" sl="172" sc="13" el="172" ec="47" bec="0" bev="0" fileid="8" />
                <SequencePoint vc="0" uspid="140" ordinal="8" offset="71" sl="174" sc="13" el="174" ec="37" bec="0" bev="0" fileid="8" />
                <SequencePoint vc="0" uspid="141" ordinal="9" offset="78" sl="176" sc="13" el="176" ec="25" bec="0" bev="0" fileid="8" />
                <SequencePoint vc="0" uspid="142" ordinal="10" offset="82" sl="177" sc="9" el="177" ec="10" bec="0" bev="0" fileid="8" />
              </SequencePoints>
              <BranchPoints />
              <MethodPoint xsi:type="SequencePoint" vc="0" uspid="132" ordinal="0" offset="0" sl="156" sc="9" el="156" ec="10" bec="0" bev="0" fileid="8" />
            </Method>
            <Method visited="false" cyclomaticComplexity="2" nPathComplexity="2" sequenceCoverage="0" branchCoverage="0" crapScore="6" isConstructor="false" isStatic="false" isGetter="false" isSetter="false">
              <Summary numSequencePoints="21" visitedSequencePoints="0" numBranchPoints="3" visitedBranchPoints="0" sequenceCoverage="0" branchCoverage="0" maxCyclomaticComplexity="2" minCyclomaticComplexity="2" maxCrapScore="6" minCrapScore="6" visitedClasses="0" numClasses="0" visitedMethods="0" numMethods="1" />
              <MetadataToken>100663308</MetadataToken>
              <Name>ConsoleAppControleTarefas.Tarefa ConsoleAppControleTarefas.ControladorTarefa::SelecionarRegistroPorId(System.Int32)</Name>
              <FileRef uid="8" />
              <SequencePoints>
                <SequencePoint vc="0" uspid="143" ordinal="0" offset="0" sl="180" sc="9" el="180" ec="10" bec="0" bev="0" fileid="8" />
                <SequencePoint vc="0" uspid="144" ordinal="1" offset="1" sl="182" sc="13" el="182" ec="64" bec="0" bev="0" fileid="8" />
                <SequencePoint vc="0" uspid="145" ordinal="2" offset="8" sl="184" sc="13" el="184" ec="58" bec="0" bev="0" fileid="8" />
                <SequencePoint vc="0" uspid="146" ordinal="3" offset="14" sl="185" sc="13" el="185" ec="57" bec="0" bev="0" fileid="8" />
                <SequencePoint vc="0" uspid="147" ordinal="4" offset="22" sl="187" sc="13" el="198" ec="35" bec="0" bev="0" fileid="8" />
                <SequencePoint vc="0" uspid="148" ordinal="5" offset="28" sl="200" sc="13" el="200" ec="53" bec="0" bev="0" fileid="8" />
                <SequencePoint vc="0" uspid="149" ordinal="6" offset="36" sl="201" sc="13" el="201" ec="72" bec="0" bev="0" fileid="8" />
                <SequencePoint vc="0" uspid="150" ordinal="7" offset="59" sl="203" sc="13" el="203" ec="74" bec="0" bev="0" fileid="8" />
                <SequencePoint vc="0" uspid="151" ordinal="8" offset="66" sl="205" sc="13" el="205" ec="47" bec="2" bev="0" fileid="8" />
                <SequencePoint vc="0" uspid="152" ordinal="9" offset="81" sl="206" sc="17" el="206" ec="29" bec="0" bev="0" fileid="8" />
                <SequencePoint vc="0" uspid="153" ordinal="10" offset="89" sl="208" sc="13" el="208" ec="59" bec="0" bev="0" fileid="8" />
                <SequencePoint vc="0" uspid="154" ordinal="11" offset="107" sl="209" sc="13" el="209" ec="79" bec="0" bev="0" fileid="8" />
                <SequencePoint vc="0" uspid="155" ordinal="12" offset="125" sl="210" sc="13" el="210" ec="71" bec="0" bev="0" fileid="8" />
                <SequencePoint vc="0" uspid="156" ordinal="13" offset="143" sl="211" sc="13" el="211" ec="85" bec="0" bev="0" fileid="8" />
                <SequencePoint vc="0" uspid="157" ordinal="14" offset="161" sl="212" sc="13" el="212" ec="89" bec="0" bev="0" fileid="8" />
                <SequencePoint vc="0" uspid="158" ordinal="15" offset="179" sl="213" sc="13" el="213" ec="81" bec="0" bev="0" fileid="8" />
                <SequencePoint vc="0" uspid="159" ordinal="16" offset="197" sl="215" sc="13" el="215" ec="95" bec="0" bev="0" fileid="8" />
                <SequencePoint vc="0" uspid="160" ordinal="17" offset="214" sl="216" sc="13" el="216" ec="23" bec="0" bev="0" fileid="8" />
                <SequencePoint vc="0" uspid="161" ordinal="18" offset="223" sl="218" sc="13" el="218" ec="37" bec="0" bev="0" fileid="8" />
                <SequencePoint vc="0" uspid="162" ordinal="19" offset="230" sl="220" sc="13" el="220" ec="22" bec="0" bev="0" fileid="8" />
                <SequencePoint vc="0" uspid="163" ordinal="20" offset="236" sl="221" sc="9" el="221" ec="10" bec="0" bev="0" fileid="8" />
              </SequencePoints>
              <BranchPoints>
                <BranchPoint vc="0" uspid="164" ordinal="0" offset="79" sl="205" path="0" offsetend="81" fileid="8" />
                <BranchPoint vc="0" uspid="165" ordinal="1" offset="79" sl="205" path="1" offsetend="89" fileid="8" />
              </BranchPoints>
              <MethodPoint xsi:type="SequencePoint" vc="0" uspid="143" ordinal="0" offset="0" sl="180" sc="9" el="180" ec="10" bec="0" bev="0" fileid="8" />
            </Method>
            <Method visited="false" cyclomaticComplexity="2" nPathComplexity="2" sequenceCoverage="0" branchCoverage="0" crapScore="6" isConstructor="false" isStatic="false" isGetter="false" isSetter="false">
              <Summary numSequencePoints="23" visitedSequencePoints="0" numBranchPoints="3" visitedBranchPoints="0" sequenceCoverage="0" branchCoverage="0" maxCyclomaticComplexity="2" minCyclomaticComplexity="2" maxCrapScore="6" minCrapScore="6" visitedClasses="0" numClasses="0" visitedMethods="0" numMethods="1" />
              <MetadataToken>100663309</MetadataToken>
              <Name>System.Collections.Generic.List`1&lt;ConsoleAppControleTarefas.Tarefa&gt; ConsoleAppControleTarefas.ControladorTarefa::SelecionarTarefasFechadas()</Name>
              <FileRef uid="8" />
              <SequencePoints>
                <SequencePoint vc="0" uspid="166" ordinal="0" offset="0" sl="224" sc="9" el="224" ec="10" bec="0" bev="0" fileid="8" />
                <SequencePoint vc="0" uspid="167" ordinal="1" offset="1" sl="227" sc="13" el="227" ec="64" bec="0" bev="0" fileid="8" />
                <SequencePoint vc="0" uspid="168" ordinal="2" offset="8" sl="229" sc="13" el="229" ec="58" bec="0" bev="0" fileid="8" />
                <SequencePoint vc="0" uspid="169" ordinal="3" offset="14" sl="230" sc="13" el="230" ec="57" bec="0" bev="0" fileid="8" />
                <SequencePoint vc="0" uspid="170" ordinal="4" offset="22" sl="232" sc="13" el="249" ec="26" bec="0" bev="0" fileid="8" />
                <SequencePoint vc="0" uspid="171" ordinal="5" offset="28" sl="252" sc="13" el="252" ec="53" bec="0" bev="0" fileid="8" />
                <SequencePoint vc="0" uspid="172" ordinal="6" offset="36" sl="254" sc="13" el="254" ec="74" bec="0" bev="0" fileid="8" />
                <SequencePoint vc="0" uspid="173" ordinal="7" offset="43" sl="256" sc="13" el="256" ec="55" bec="0" bev="0" fileid="8" />
                <SequencePoint vc="0" uspid="174" ordinal="8" offset="55" sl="259" sc="13" el="259" ec="14" bec="0" bev="0" fileid="8" />
                <SequencePoint vc="0" uspid="175" ordinal="9" offset="56" sl="260" sc="17" el="260" ec="63" bec="0" bev="0" fileid="8" />
                <SequencePoint vc="0" uspid="176" ordinal="10" offset="74" sl="261" sc="17" el="261" ec="83" bec="0" bev="0" fileid="8" />
                <SequencePoint vc="0" uspid="177" ordinal="11" offset="92" sl="262" sc="17" el="262" ec="75" bec="0" bev="0" fileid="8" />
                <SequencePoint vc="0" uspid="178" ordinal="12" offset="110" sl="263" sc="17" el="263" ec="89" bec="0" bev="0" fileid="8" />
                <SequencePoint vc="0" uspid="179" ordinal="13" offset="128" sl="264" sc="17" el="264" ec="93" bec="0" bev="0" fileid="8" />
                <SequencePoint vc="0" uspid="180" ordinal="14" offset="146" sl="265" sc="17" el="265" ec="85" bec="0" bev="0" fileid="8" />
                <SequencePoint vc="0" uspid="181" ordinal="15" offset="164" sl="267" sc="17" el="267" ec="99" bec="0" bev="0" fileid="8" />
                <SequencePoint vc="0" uspid="182" ordinal="16" offset="181" sl="268" sc="17" el="268" ec="27" bec="0" bev="0" fileid="8" />
                <SequencePoint vc="0" uspid="183" ordinal="17" offset="190" sl="270" sc="17" el="270" ec="32" bec="0" bev="0" fileid="8" />
                <SequencePoint vc="0" uspid="184" ordinal="18" offset="200" sl="271" sc="13" el="271" ec="14" bec="0" bev="0" fileid="8" />
                <SequencePoint vc="0" uspid="185" ordinal="19" offset="201" sl="258" sc="13" el="258" ec="41" bec="2" bev="0" fileid="8" />
                <SequencePoint vc="0" uspid="186" ordinal="20" offset="216" sl="273" sc="13" el="273" ec="37" bec="0" bev="0" fileid="8" />
                <SequencePoint vc="0" uspid="187" ordinal="21" offset="223" sl="275" sc="13" el="275" ec="28" bec="0" bev="0" fileid="8" />
                <SequencePoint vc="0" uspid="188" ordinal="22" offset="229" sl="276" sc="9" el="276" ec="10" bec="0" bev="0" fileid="8" />
              </SequencePoints>
              <BranchPoints>
                <BranchPoint vc="0" uspid="189" ordinal="0" offset="211" sl="258" path="0" offsetend="216" fileid="8" />
                <BranchPoint vc="0" uspid="190" ordinal="1" offset="211" sl="258" path="1" offsetend="55" fileid="8" />
              </BranchPoints>
              <MethodPoint xsi:type="SequencePoint" vc="0" uspid="166" ordinal="0" offset="0" sl="224" sc="9" el="224" ec="10" bec="0" bev="0" fileid="8" />
            </Method>
            <Method visited="false" cyclomaticComplexity="2" nPathComplexity="2" sequenceCoverage="0" branchCoverage="0" crapScore="6" isConstructor="false" isStatic="false" isGetter="false" isSetter="false">
              <Summary numSequencePoints="23" visitedSequencePoints="0" numBranchPoints="3" visitedBranchPoints="0" sequenceCoverage="0" branchCoverage="0" maxCyclomaticComplexity="2" minCyclomaticComplexity="2" maxCrapScore="6" minCrapScore="6" visitedClasses="0" numClasses="0" visitedMethods="0" numMethods="1" />
              <MetadataToken>100663310</MetadataToken>
              <Name>System.Collections.Generic.List`1&lt;ConsoleAppControleTarefas.Tarefa&gt; ConsoleAppControleTarefas.ControladorTarefa::SelecionarTarefasAbertas()</Name>
              <FileRef uid="8" />
              <SequencePoints>
                <SequencePoint vc="0" uspid="191" ordinal="0" offset="0" sl="279" sc="9" el="279" ec="10" bec="0" bev="0" fileid="8" />
                <SequencePoint vc="0" uspid="192" ordinal="1" offset="1" sl="280" sc="13" el="280" ec="64" bec="0" bev="0" fileid="8" />
                <SequencePoint vc="0" uspid="193" ordinal="2" offset="8" sl="282" sc="13" el="282" ec="58" bec="0" bev="0" fileid="8" />
                <SequencePoint vc="0" uspid="194" ordinal="3" offset="14" sl="283" sc="13" el="283" ec="57" bec="0" bev="0" fileid="8" />
                <SequencePoint vc="0" uspid="195" ordinal="4" offset="22" sl="285" sc="13" el="302" ec="26" bec="0" bev="0" fileid="8" />
                <SequencePoint vc="0" uspid="196" ordinal="5" offset="28" sl="305" sc="13" el="305" ec="53" bec="0" bev="0" fileid="8" />
                <SequencePoint vc="0" uspid="197" ordinal="6" offset="36" sl="307" sc="13" el="307" ec="74" bec="0" bev="0" fileid="8" />
                <SequencePoint vc="0" uspid="198" ordinal="7" offset="43" sl="309" sc="13" el="309" ec="55" bec="0" bev="0" fileid="8" />
                <SequencePoint vc="0" uspid="199" ordinal="8" offset="55" sl="312" sc="13" el="312" ec="14" bec="0" bev="0" fileid="8" />
                <SequencePoint vc="0" uspid="200" ordinal="9" offset="56" sl="313" sc="17" el="313" ec="63" bec="0" bev="0" fileid="8" />
                <SequencePoint vc="0" uspid="201" ordinal="10" offset="74" sl="314" sc="17" el="314" ec="83" bec="0" bev="0" fileid="8" />
                <SequencePoint vc="0" uspid="202" ordinal="11" offset="92" sl="315" sc="17" el="315" ec="75" bec="0" bev="0" fileid="8" />
                <SequencePoint vc="0" uspid="203" ordinal="12" offset="110" sl="316" sc="17" el="316" ec="89" bec="0" bev="0" fileid="8" />
                <SequencePoint vc="0" uspid="204" ordinal="13" offset="128" sl="317" sc="17" el="317" ec="93" bec="0" bev="0" fileid="8" />
                <SequencePoint vc="0" uspid="205" ordinal="14" offset="146" sl="318" sc="17" el="318" ec="85" bec="0" bev="0" fileid="8" />
                <SequencePoint vc="0" uspid="206" ordinal="15" offset="164" sl="320" sc="17" el="320" ec="99" bec="0" bev="0" fileid="8" />
                <SequencePoint vc="0" uspid="207" ordinal="16" offset="181" sl="321" sc="17" el="321" ec="27" bec="0" bev="0" fileid="8" />
                <SequencePoint vc="0" uspid="208" ordinal="17" offset="190" sl="323" sc="17" el="323" ec="32" bec="0" bev="0" fileid="8" />
                <SequencePoint vc="0" uspid="209" ordinal="18" offset="200" sl="324" sc="13" el="324" ec="14" bec="0" bev="0" fileid="8" />
                <SequencePoint vc="0" uspid="210" ordinal="19" offset="201" sl="311" sc="13" el="311" ec="41" bec="2" bev="0" fileid="8" />
                <SequencePoint vc="0" uspid="211" ordinal="20" offset="216" sl="326" sc="13" el="326" ec="37" bec="0" bev="0" fileid="8" />
                <SequencePoint vc="0" uspid="212" ordinal="21" offset="223" sl="328" sc="13" el="328" ec="28" bec="0" bev="0" fileid="8" />
                <SequencePoint vc="0" uspid="213" ordinal="22" offset="229" sl="329" sc="9" el="329" ec="10" bec="0" bev="0" fileid="8" />
              </SequencePoints>
              <BranchPoints>
                <BranchPoint vc="0" uspid="214" ordinal="0" offset="211" sl="311" path="0" offsetend="216" fileid="8" />
                <BranchPoint vc="0" uspid="215" ordinal="1" offset="211" sl="311" path="1" offsetend="55" fileid="8" />
              </BranchPoints>
              <MethodPoint xsi:type="SequencePoint" vc="0" uspid="191" ordinal="0" offset="0" sl="279" sc="9" el="279" ec="10" bec="0" bev="0" fileid="8" />
            </Method>
            <Method visited="false" cyclomaticComplexity="1" nPathComplexity="0" sequenceCoverage="0" branchCoverage="0" crapScore="2" isConstructor="true" isStatic="false" isGetter="false" isSetter="false">
              <Summary numSequencePoints="0" visitedSequencePoints="0" numBranchPoints="0" visitedBranchPoints="0" sequenceCoverage="0" branchCoverage="0" maxCyclomaticComplexity="1" minCyclomaticComplexity="1" maxCrapScore="2" minCrapScore="2" visitedClasses="0" numClasses="0" visitedMethods="0" numMethods="0" />
              <MetadataToken>100663311</MetadataToken>
              <Name>System.Void ConsoleAppControleTarefas.ControladorTarefa::.ctor()</Name>
              <SequencePoints />
              <BranchPoints />
              <MethodPoint vc="0" uspid="216" ordinal="0" offset="0" />
            </Method>
          </Methods>
        </Class>
        <Class>
          <Summary numSequencePoints="0" visitedSequencePoints="0" numBranchPoints="0" visitedBranchPoints="0" sequenceCoverage="0" branchCoverage="0" maxCyclomaticComplexity="1" minCyclomaticComplexity="1" maxCrapScore="2" minCrapScore="2" visitedClasses="0" numClasses="0" visitedMethods="0" numMethods="0" />
          <FullName>ConsoleAppControleTarefas.EntidadeBase</FullName>
          <Methods>
            <Method visited="false" cyclomaticComplexity="1" nPathComplexity="0" sequenceCoverage="0" branchCoverage="0" crapScore="2" isConstructor="true" isStatic="false" isGetter="false" isSetter="false">
              <Summary numSequencePoints="0" visitedSequencePoints="0" numBranchPoints="0" visitedBranchPoints="0" sequenceCoverage="0" branchCoverage="0" maxCyclomaticComplexity="1" minCyclomaticComplexity="1" maxCrapScore="2" minCrapScore="2" visitedClasses="0" numClasses="0" visitedMethods="0" numMethods="0" />
              <MetadataToken>100663312</MetadataToken>
              <Name>System.Void ConsoleAppControleTarefas.EntidadeBase::.ctor()</Name>
              <SequencePoints />
              <BranchPoints />
              <MethodPoint vc="0" uspid="217" ordinal="0" offset="0" />
            </Method>
          </Methods>
        </Class>
        <Class>
          <Summary numSequencePoints="88" visitedSequencePoints="0" numBranchPoints="60" visitedBranchPoints="0" sequenceCoverage="0" branchCoverage="0" maxCyclomaticComplexity="30" minCyclomaticComplexity="1" maxCrapScore="930" minCrapScore="2" visitedClasses="0" numClasses="1" visitedMethods="0" numMethods="2" />
          <FullName>ConsoleAppControleTarefas.Program</FullName>
          <Methods>
            <Method visited="false" cyclomaticComplexity="30" nPathComplexity="536870912" sequenceCoverage="0" branchCoverage="0" crapScore="930" isConstructor="false" isStatic="true" isGetter="false" isSetter="false">
              <Summary numSequencePoints="87" visitedSequencePoints="0" numBranchPoints="59" visitedBranchPoints="0" sequenceCoverage="0" branchCoverage="0" maxCyclomaticComplexity="30" minCyclomaticComplexity="30" maxCrapScore="930" minCrapScore="930" visitedClasses="0" numClasses="0" visitedMethods="0" numMethods="1" />
              <MetadataToken>100663318</MetadataToken>
              <Name>System.Void ConsoleAppControleTarefas.Program::Main(System.String[])</Name>
              <FileRef uid="9" />
              <SequencePoints>
                <SequencePoint vc="0" uspid="218" ordinal="0" offset="0" sl="15" sc="9" el="15" ec="10" bec="0" bev="0" fileid="9" />
                <SequencePoint vc="0" uspid="219" ordinal="1" offset="6" sl="17" sc="13" el="17" ec="14" bec="0" bev="0" fileid="9" />
                <SequencePoint vc="0" uspid="220" ordinal="2" offset="7" sl="18" sc="17" el="18" ec="70" bec="0" bev="0" fileid="9" />
                <SequencePoint vc="0" uspid="221" ordinal="3" offset="18" sl="20" sc="17" el="20" ec="45" bec="2" bev="0" fileid="9" />
                <SequencePoint vc="0" uspid="222" ordinal="4" offset="26" sl="21" sc="21" el="21" ec="27" bec="0" bev="0" fileid="9" />
                <SequencePoint vc="0" uspid="223" ordinal="5" offset="31" sl="23" sc="17" el="23" ec="33" bec="0" bev="0" fileid="9" />
                <SequencePoint vc="0" uspid="224" ordinal="6" offset="37" sl="25" sc="17" el="25" ec="50" bec="2" bev="0" fileid="9" />
                <SequencePoint vc="0" uspid="225" ordinal="7" offset="45" sl="26" sc="21" el="26" ec="63" bec="0" bev="0" fileid="9" />
                <SequencePoint vc="0" uspid="226" ordinal="8" offset="57" sl="26" sc="64" el="26" ec="84" bec="0" bev="0" fileid="9" />
                <SequencePoint vc="0" uspid="227" ordinal="9" offset="63" sl="28" sc="17" el="28" ec="61" bec="0" bev="0" fileid="9" />
                <SequencePoint vc="0" uspid="228" ordinal="10" offset="70" sl="30" sc="17" el="30" ec="75" bec="2" bev="0" fileid="9" />
                <SequencePoint vc="0" uspid="229" ordinal="11" offset="88" sl="31" sc="21" el="31" ec="30" bec="0" bev="0" fileid="9" />
                <SequencePoint vc="0" uspid="230" ordinal="12" offset="93" sl="34" sc="16" el="34" ec="52" bec="2" bev="0" fileid="9" />
                <SequencePoint vc="0" uspid="231" ordinal="13" offset="111" sl="35" sc="17" el="35" ec="18" bec="0" bev="0" fileid="9" />
                <SequencePoint vc="0" uspid="232" ordinal="14" offset="112" sl="36" sc="21" el="36" ec="71" bec="0" bev="0" fileid="9" />
                <SequencePoint vc="0" uspid="233" ordinal="15" offset="120" sl="39" sc="21" el="39" ec="38" bec="2" bev="0" fileid="9" />
                <SequencePoint vc="0" uspid="234" ordinal="16" offset="137" sl="40" sc="25" el="40" ec="52" bec="0" bev="0" fileid="9" />
                <SequencePoint vc="0" uspid="235" ordinal="17" offset="147" sl="42" sc="26" el="42" ec="43" bec="2" bev="0" fileid="9" />
                <SequencePoint vc="0" uspid="236" ordinal="18" offset="164" sl="43" sc="21" el="43" ec="22" bec="0" bev="0" fileid="9" />
                <SequencePoint vc="0" uspid="237" ordinal="19" offset="165" sl="44" sc="25" el="44" ec="105" bec="0" bev="0" fileid="9" />
                <SequencePoint vc="0" uspid="238" ordinal="20" offset="175" sl="45" sc="25" el="45" ec="42" bec="2" bev="0" fileid="9" />
                <SequencePoint vc="0" uspid="239" ordinal="21" offset="183" sl="46" sc="29" el="46" ec="48" bec="0" bev="0" fileid="9" />
                <SequencePoint vc="0" uspid="240" ordinal="22" offset="189" sl="47" sc="21" el="47" ec="22" bec="0" bev="0" fileid="9" />
                <SequencePoint vc="0" uspid="241" ordinal="23" offset="192" sl="49" sc="26" el="49" ec="43" bec="2" bev="0" fileid="9" />
                <SequencePoint vc="0" uspid="242" ordinal="24" offset="209" sl="50" sc="25" el="50" ec="47" bec="0" bev="0" fileid="9" />
                <SequencePoint vc="0" uspid="243" ordinal="25" offset="219" sl="52" sc="26" el="52" ec="43" bec="2" bev="0" fileid="9" />
                <SequencePoint vc="0" uspid="244" ordinal="26" offset="236" sl="53" sc="25" el="53" ec="48" bec="0" bev="0" fileid="9" />
                <SequencePoint vc="0" uspid="245" ordinal="27" offset="244" sl="55" sc="17" el="55" ec="18" bec="0" bev="0" fileid="9" />
                <SequencePoint vc="0" uspid="246" ordinal="28" offset="245" sl="56" sc="17" el="56" ec="51" bec="2" bev="0" fileid="9" />
                <SequencePoint vc="0" uspid="247" ordinal="29" offset="263" sl="57" sc="17" el="57" ec="18" bec="0" bev="0" fileid="9" />
                <SequencePoint vc="0" uspid="248" ordinal="30" offset="264" sl="59" sc="21" el="59" ec="67" bec="0" bev="0" fileid="9" />
                <SequencePoint vc="0" uspid="249" ordinal="31" offset="272" sl="61" sc="21" el="61" ec="38" bec="2" bev="0" fileid="9" />
                <SequencePoint vc="0" uspid="250" ordinal="32" offset="289" sl="62" sc="25" el="62" ec="52" bec="0" bev="0" fileid="9" />
                <SequencePoint vc="0" uspid="251" ordinal="33" offset="302" sl="64" sc="26" el="64" ec="43" bec="2" bev="0" fileid="9" />
                <SequencePoint vc="0" uspid="252" ordinal="34" offset="319" sl="65" sc="21" el="65" ec="22" bec="0" bev="0" fileid="9" />
                <SequencePoint vc="0" uspid="253" ordinal="35" offset="320" sl="66" sc="25" el="66" ec="105" bec="0" bev="0" fileid="9" />
                <SequencePoint vc="0" uspid="254" ordinal="36" offset="330" sl="67" sc="25" el="67" ec="42" bec="2" bev="0" fileid="9" />
                <SequencePoint vc="0" uspid="255" ordinal="37" offset="338" sl="68" sc="29" el="68" ec="48" bec="0" bev="0" fileid="9" />
                <SequencePoint vc="0" uspid="256" ordinal="38" offset="344" sl="69" sc="21" el="69" ec="22" bec="0" bev="0" fileid="9" />
                <SequencePoint vc="0" uspid="257" ordinal="39" offset="350" sl="71" sc="26" el="71" ec="43" bec="2" bev="0" fileid="9" />
                <SequencePoint vc="0" uspid="258" ordinal="40" offset="367" sl="72" sc="25" el="72" ec="47" bec="0" bev="0" fileid="9" />
                <SequencePoint vc="0" uspid="259" ordinal="41" offset="377" sl="74" sc="26" el="74" ec="43" bec="2" bev="0" fileid="9" />
                <SequencePoint vc="0" uspid="260" ordinal="42" offset="394" sl="75" sc="25" el="75" ec="48" bec="0" bev="0" fileid="9" />
                <SequencePoint vc="0" uspid="261" ordinal="43" offset="404" sl="77" sc="26" el="77" ec="43" bec="2" bev="0" fileid="9" />
                <SequencePoint vc="0" uspid="262" ordinal="44" offset="421" sl="78" sc="21" el="78" ec="22" bec="0" bev="0" fileid="9" />
                <SequencePoint vc="0" uspid="263" ordinal="45" offset="422" sl="79" sc="25" el="79" ec="77" bec="0" bev="0" fileid="9" />
                <SequencePoint vc="0" uspid="264" ordinal="46" offset="431" sl="80" sc="25" el="80" ec="42" bec="2" bev="0" fileid="9" />
                <SequencePoint vc="0" uspid="265" ordinal="47" offset="439" sl="81" sc="29" el="81" ec="48" bec="0" bev="0" fileid="9" />
                <SequencePoint vc="0" uspid="266" ordinal="48" offset="445" sl="82" sc="21" el="82" ec="22" bec="0" bev="0" fileid="9" />
                <SequencePoint vc="0" uspid="267" ordinal="49" offset="448" sl="84" sc="26" el="84" ec="43" bec="2" bev="0" fileid="9" />
                <SequencePoint vc="0" uspid="268" ordinal="50" offset="465" sl="85" sc="21" el="85" ec="22" bec="0" bev="0" fileid="9" />
                <SequencePoint vc="0" uspid="269" ordinal="51" offset="466" sl="86" sc="25" el="86" ec="74" bec="0" bev="0" fileid="9" />
                <SequencePoint vc="0" uspid="270" ordinal="52" offset="475" sl="87" sc="25" el="87" ec="42" bec="2" bev="0" fileid="9" />
                <SequencePoint vc="0" uspid="271" ordinal="53" offset="483" sl="88" sc="29" el="88" ec="48" bec="0" bev="0" fileid="9" />
                <SequencePoint vc="0" uspid="272" ordinal="54" offset="489" sl="89" sc="21" el="89" ec="22" bec="0" bev="0" fileid="9" />
                <SequencePoint vc="0" uspid="273" ordinal="55" offset="490" sl="90" sc="17" el="90" ec="18" bec="0" bev="0" fileid="9" />
                <SequencePoint vc="0" uspid="274" ordinal="56" offset="491" sl="91" sc="17" el="91" ec="56" bec="2" bev="0" fileid="9" />
                <SequencePoint vc="0" uspid="275" ordinal="57" offset="509" sl="92" sc="17" el="92" ec="18" bec="0" bev="0" fileid="9" />
                <SequencePoint vc="0" uspid="276" ordinal="58" offset="510" sl="93" sc="21" el="93" ec="77" bec="0" bev="0" fileid="9" />
                <SequencePoint vc="0" uspid="277" ordinal="59" offset="518" sl="95" sc="21" el="95" ec="38" bec="2" bev="0" fileid="9" />
                <SequencePoint vc="0" uspid="278" ordinal="60" offset="535" sl="96" sc="25" el="96" ec="52" bec="0" bev="0" fileid="9" />
                <SequencePoint vc="0" uspid="279" ordinal="61" offset="548" sl="98" sc="26" el="98" ec="43" bec="2" bev="0" fileid="9" />
                <SequencePoint vc="0" uspid="280" ordinal="62" offset="565" sl="99" sc="21" el="99" ec="22" bec="0" bev="0" fileid="9" />
                <SequencePoint vc="0" uspid="281" ordinal="63" offset="566" sl="100" sc="25" el="100" ec="105" bec="0" bev="0" fileid="9" />
                <SequencePoint vc="0" uspid="282" ordinal="64" offset="576" sl="101" sc="25" el="101" ec="42" bec="2" bev="0" fileid="9" />
                <SequencePoint vc="0" uspid="283" ordinal="65" offset="584" sl="102" sc="29" el="102" ec="48" bec="0" bev="0" fileid="9" />
                <SequencePoint vc="0" uspid="284" ordinal="66" offset="590" sl="103" sc="21" el="103" ec="22" bec="0" bev="0" fileid="9" />
                <SequencePoint vc="0" uspid="285" ordinal="67" offset="596" sl="105" sc="26" el="105" ec="43" bec="2" bev="0" fileid="9" />
                <SequencePoint vc="0" uspid="286" ordinal="68" offset="613" sl="106" sc="25" el="106" ec="47" bec="0" bev="0" fileid="9" />
                <SequencePoint vc="0" uspid="287" ordinal="69" offset="623" sl="108" sc="26" el="108" ec="43" bec="2" bev="0" fileid="9" />
                <SequencePoint vc="0" uspid="288" ordinal="70" offset="640" sl="109" sc="25" el="109" ec="48" bec="0" bev="0" fileid="9" />
                <SequencePoint vc="0" uspid="289" ordinal="71" offset="650" sl="111" sc="26" el="111" ec="43" bec="2" bev="0" fileid="9" />
                <SequencePoint vc="0" uspid="290" ordinal="72" offset="667" sl="112" sc="21" el="112" ec="22" bec="0" bev="0" fileid="9" />
                <SequencePoint vc="0" uspid="291" ordinal="73" offset="668" sl="113" sc="25" el="113" ec="116" bec="0" bev="0" fileid="9" />
                <SequencePoint vc="0" uspid="292" ordinal="74" offset="678" sl="114" sc="25" el="114" ec="42" bec="2" bev="0" fileid="9" />
                <SequencePoint vc="0" uspid="293" ordinal="75" offset="686" sl="115" sc="29" el="115" ec="48" bec="0" bev="0" fileid="9" />
                <SequencePoint vc="0" uspid="294" ordinal="76" offset="692" sl="116" sc="21" el="116" ec="22" bec="0" bev="0" fileid="9" />
                <SequencePoint vc="0" uspid="295" ordinal="77" offset="695" sl="118" sc="26" el="118" ec="43" bec="2" bev="0" fileid="9" />
                <SequencePoint vc="0" uspid="296" ordinal="78" offset="712" sl="119" sc="21" el="119" ec="22" bec="0" bev="0" fileid="9" />
                <SequencePoint vc="0" uspid="297" ordinal="79" offset="713" sl="120" sc="25" el="120" ec="115" bec="0" bev="0" fileid="9" />
                <SequencePoint vc="0" uspid="298" ordinal="80" offset="723" sl="121" sc="25" el="121" ec="42" bec="2" bev="0" fileid="9" />
                <SequencePoint vc="0" uspid="299" ordinal="81" offset="731" sl="122" sc="29" el="122" ec="48" bec="0" bev="0" fileid="9" />
                <SequencePoint vc="0" uspid="300" ordinal="82" offset="737" sl="123" sc="21" el="123" ec="22" bec="0" bev="0" fileid="9" />
                <SequencePoint vc="0" uspid="301" ordinal="83" offset="738" sl="126" sc="17" el="126" ec="18" bec="0" bev="0" fileid="9" />
                <SequencePoint vc="0" uspid="302" ordinal="84" offset="739" sl="127" sc="13" el="127" ec="14" bec="0" bev="0" fileid="9" />
                <SequencePoint vc="0" uspid="303" ordinal="85" offset="740" sl="16" sc="13" el="16" ec="25" bec="0" bev="0" fileid="9" />
                <SequencePoint vc="0" uspid="304" ordinal="86" offset="748" sl="128" sc="9" el="128" ec="10" bec="0" bev="0" fileid="9" />
              </SequencePoints>
              <BranchPoints>
                <BranchPoint vc="0" uspid="305" ordinal="0" offset="24" sl="20" path="0" offsetchain="26" offsetend="748" fileid="9" />
                <BranchPoint vc="0" uspid="306" ordinal="1" offset="24" sl="20" path="1" offsetend="31" fileid="9" />
                <BranchPoint vc="0" uspid="307" ordinal="2" offset="43" sl="25" path="0" offsetend="45" fileid="9" />
                <BranchPoint vc="0" uspid="308" ordinal="3" offset="43" sl="25" path="1" offsetend="57" fileid="9" />
                <BranchPoint vc="0" uspid="309" ordinal="4" offset="86" sl="30" path="0" offsetchain="88" offsetend="740" fileid="9" />
                <BranchPoint vc="0" uspid="310" ordinal="5" offset="86" sl="30" path="1" offsetend="93" fileid="9" />
                <BranchPoint vc="0" uspid="311" ordinal="6" offset="106" sl="34" path="0" offsetend="111" fileid="9" />
                <BranchPoint vc="0" uspid="312" ordinal="7" offset="106" sl="34" path="1" offsetend="245" fileid="9" />
                <BranchPoint vc="0" uspid="313" ordinal="8" offset="135" sl="39" path="0" offsetend="137" fileid="9" />
                <BranchPoint vc="0" uspid="314" ordinal="9" offset="135" sl="39" path="1" offsetend="147" fileid="9" />
                <BranchPoint vc="0" uspid="315" ordinal="10" offset="162" sl="42" path="0" offsetend="164" fileid="9" />
                <BranchPoint vc="0" uspid="316" ordinal="11" offset="162" sl="42" path="1" offsetend="192" fileid="9" />
                <BranchPoint vc="0" uspid="317" ordinal="12" offset="181" sl="45" path="0" offsetend="183" fileid="9" />
                <BranchPoint vc="0" uspid="318" ordinal="13" offset="181" sl="45" path="1" offsetend="189" fileid="9" />
                <BranchPoint vc="0" uspid="319" ordinal="14" offset="207" sl="49" path="0" offsetend="209" fileid="9" />
                <BranchPoint vc="0" uspid="320" ordinal="15" offset="207" sl="49" path="1" offsetend="219" fileid="9" />
                <BranchPoint vc="0" uspid="321" ordinal="16" offset="234" sl="52" path="0" offsetend="236" fileid="9" />
                <BranchPoint vc="0" uspid="322" ordinal="17" offset="234" sl="52" path="1" offsetend="244" fileid="9" />
                <BranchPoint vc="0" uspid="323" ordinal="18" offset="258" sl="56" path="0" offsetend="263" fileid="9" />
                <BranchPoint vc="0" uspid="324" ordinal="19" offset="258" sl="56" path="1" offsetend="491" fileid="9" />
                <BranchPoint vc="0" uspid="325" ordinal="20" offset="287" sl="61" path="0" offsetend="289" fileid="9" />
                <BranchPoint vc="0" uspid="326" ordinal="21" offset="287" sl="61" path="1" offsetend="302" fileid="9" />
                <BranchPoint vc="0" uspid="327" ordinal="22" offset="317" sl="64" path="0" offsetend="319" fileid="9" />
                <BranchPoint vc="0" uspid="328" ordinal="23" offset="317" sl="64" path="1" offsetend="350" fileid="9" />
                <BranchPoint vc="0" uspid="329" ordinal="24" offset="336" sl="67" path="0" offsetend="338" fileid="9" />
                <BranchPoint vc="0" uspid="330" ordinal="25" offset="336" sl="67" path="1" offsetend="344" fileid="9" />
                <BranchPoint vc="0" uspid="331" ordinal="26" offset="365" sl="71" path="0" offsetend="367" fileid="9" />
                <BranchPoint vc="0" uspid="332" ordinal="27" offset="365" sl="71" path="1" offsetend="377" fileid="9" />
                <BranchPoint vc="0" uspid="333" ordinal="28" offset="392" sl="74" path="0" offsetend="394" fileid="9" />
                <BranchPoint vc="0" uspid="334" ordinal="29" offset="392" sl="74" path="1" offsetend="404" fileid="9" />
                <BranchPoint vc="0" uspid="335" ordinal="30" offset="419" sl="77" path="0" offsetend="421" fileid="9" />
                <BranchPoint vc="0" uspid="336" ordinal="31" offset="419" sl="77" path="1" offsetend="448" fileid="9" />
                <BranchPoint vc="0" uspid="337" ordinal="32" offset="437" sl="80" path="0" offsetend="439" fileid="9" />
                <BranchPoint vc="0" uspid="338" ordinal="33" offset="437" sl="80" path="1" offsetend="445" fileid="9" />
                <BranchPoint vc="0" uspid="339" ordinal="34" offset="463" sl="84" path="0" offsetend="465" fileid="9" />
[...]
                <SequencePoint vc="1" uspid="1074" ordinal="0" offset="0" sl="17" sc="9" el="17" ec="10" bec="0" bev="0" fileid="20" />
                <SequencePoint vc="1" uspid="1075" ordinal="1" offset="1" sl="18" sc="13" el="18" ec="50" bec="0" bev="0" fileid="20" />
                <SequencePoint vc="1" uspid="1076" ordinal="2" offset="8" sl="20" sc="13" el="20" ec="44" bec="2" bev="1" fileid="20" />
                <SequencePoint vc="1" uspid="1077" ordinal="3" offset="26" sl="21" sc="13" el="21" ec="14" bec="0" bev="0" fileid="20" />
                <SequencePoint vc="1" uspid="1078" ordinal="4" offset="27" sl="22" sc="17" el="22" ec="68" bec="0" bev="0" fileid="20" />
                <SequencePoint vc="1" uspid="1079" ordinal="5" offset="34" sl="24" sc="17" el="24" ec="63" bec="0" bev="0" fileid="20" />
                <SequencePoint vc="1" uspid="1080" ordinal="6" offset="40" sl="25" sc="17" el="25" ec="62" bec="0" bev="0" fileid="20" />
                <SequencePoint vc="1" uspid="1081" ordinal="7" offset="48" sl="27" sc="17" el="43" ec="25" bec="0" bev="0" fileid="20" />
                <SequencePoint vc="1" uspid="1082" ordinal="8" offset="55" sl="45" sc="17" el="46" ec="49" bec="0" bev="0" fileid="20" />
                <SequencePoint vc="1" uspid="1083" ordinal="9" offset="69" sl="48" sc="17" el="48" ec="59" bec="0" bev="0" fileid="20" />
                <SequencePoint vc="1" uspid="1084" ordinal="10" offset="78" sl="50" sc="17" el="50" ec="79" bec="0" bev="0" fileid="20" />
                <SequencePoint vc="1" uspid="1085" ordinal="11" offset="101" sl="51" sc="17" el="51" ec="81" bec="0" bev="0" fileid="20" />
                <SequencePoint vc="1" uspid="1086" ordinal="12" offset="124" sl="52" sc="17" el="52" ec="87" bec="0" bev="0" fileid="20" />
                <SequencePoint vc="1" uspid="1087" ordinal="13" offset="152" sl="53" sc="17" el="53" ec="85" bec="0" bev="0" fileid="20" />
                <SequencePoint vc="1" uspid="1088" ordinal="14" offset="175" sl="54" sc="17" el="54" ec="81" bec="0" bev="0" fileid="20" />
                <SequencePoint vc="1" uspid="1089" ordinal="15" offset="198" sl="56" sc="17" el="56" ec="61" bec="0" bev="0" fileid="20" />
                <SequencePoint vc="1" uspid="1090" ordinal="16" offset="206" sl="58" sc="17" el="58" ec="50" bec="0" bev="0" fileid="20" />
                <SequencePoint vc="1" uspid="1091" ordinal="17" offset="219" sl="60" sc="17" el="60" ec="41" bec="0" bev="0" fileid="20" />
                <SequencePoint vc="1" uspid="1092" ordinal="18" offset="226" sl="61" sc="13" el="61" ec="14" bec="0" bev="0" fileid="20" />
                <SequencePoint vc="1" uspid="1093" ordinal="19" offset="227" sl="63" sc="13" el="63" ec="30" bec="0" bev="0" fileid="20" />
                <SequencePoint vc="1" uspid="1094" ordinal="20" offset="232" sl="64" sc="9" el="64" ec="10" bec="0" bev="0" fileid="20" />
              </SequencePoints>
              <BranchPoints>
                <BranchPoint vc="1" uspid="1095" ordinal="0" offset="21" sl="20" path="0" offsetend="26" fileid="20" />
                <BranchPoint vc="0" uspid="1096" ordinal="1" offset="21" sl="20" path="1" offsetend="227" fileid="20" />
              </BranchPoints>
              <MethodPoint xsi:type="SequencePoint" vc="1" uspid="1074" ordinal="0" offset="0" sl="17" sc="9" el="17" ec="10" bec="0" bev="0" fileid="20" />
            </Method>
            <Method visited="true" cyclomaticComplexity="2" nPathComplexity="2" sequenceCoverage="100" branchCoverage="100" crapScore="2" isConstructor="false" isStatic="false" isGetter="false" isSetter="false">
              <Summary numSequencePoints="23" visitedSequencePoints="23" numBranchPoints="3" visitedBranchPoints="3" sequenceCoverage="100" branchCoverage="100" maxCyclomaticComplexity="2" minCyclomaticComplexity="2" maxCrapScore="2" minCrapScore="2" visitedClasses="0" numClasses="0" visitedMethods="1" numMethods="1" />
              <MetadataToken>100663372</MetadataToken>
              <Name>System.Collections.Generic.List`1&lt;ConsoleAppControleTarefas.Dominio.Contato&gt; ConsoleAppControleTarefas.Controladores.ControladorContato::SelecionarTodosRegistros()</Name>
              <FileRef uid="20" />
              <SequencePoints>
                <SequencePoint vc="1" uspid="1097" ordinal="0" offset="0" sl="67" sc="9" el="67" ec="10" bec="0" bev="0" fileid="20" />
                <SequencePoint vc="1" uspid="1098" ordinal="1" offset="1" sl="68" sc="13" el="68" ec="64" bec="0" bev="0" fileid="20" />
                <SequencePoint vc="1" uspid="1099" ordinal="2" offset="8" sl="70" sc="13" el="70" ec="58" bec="0" bev="0" fileid="20" />
                <SequencePoint vc="1" uspid="1100" ordinal="3" offset="14" sl="71" sc="13" el="71" ec="57" bec="0" bev="0" fileid="20" />
                <SequencePoint vc="1" uspid="1101" ordinal="4" offset="22" sl="73" sc="13" el="83" ec="39" bec="0" bev="0" fileid="20" />
                <SequencePoint vc="1" uspid="1102" ordinal="5" offset="28" sl="86" sc="13" el="86" ec="53" bec="0" bev="0" fileid="20" />
                <SequencePoint vc="1" uspid="1103" ordinal="6" offset="36" sl="88" sc="13" el="88" ec="75" bec="0" bev="0" fileid="20" />
                <SequencePoint vc="1" uspid="1104" ordinal="7" offset="43" sl="90" sc="13" el="90" ec="58" bec="0" bev="0" fileid="20" />
                <SequencePoint vc="32" uspid="1105" ordinal="8" offset="55" sl="93" sc="13" el="93" ec="14" bec="0" bev="0" fileid="20" />
                <SequencePoint vc="32" uspid="1106" ordinal="9" offset="56" sl="94" sc="17" el="94" ec="64" bec="0" bev="0" fileid="20" />
                <SequencePoint vc="32" uspid="1107" ordinal="10" offset="74" sl="95" sc="17" el="95" ec="72" bec="0" bev="0" fileid="20" />
                <SequencePoint vc="32" uspid="1108" ordinal="11" offset="92" sl="96" sc="17" el="96" ec="74" bec="0" bev="0" fileid="20" />
                <SequencePoint vc="32" uspid="1109" ordinal="12" offset="110" sl="97" sc="17" el="97" ec="76" bec="0" bev="0" fileid="20" />
                <SequencePoint vc="32" uspid="1110" ordinal="13" offset="128" sl="98" sc="17" el="98" ec="78" bec="0" bev="0" fileid="20" />
                <SequencePoint vc="32" uspid="1111" ordinal="14" offset="146" sl="99" sc="17" el="99" ec="74" bec="0" bev="0" fileid="20" />
                <SequencePoint vc="32" uspid="1112" ordinal="15" offset="164" sl="101" sc="17" el="101" ec="80" bec="0" bev="0" fileid="20" />
                <SequencePoint vc="32" uspid="1113" ordinal="16" offset="181" sl="102" sc="17" el="102" ec="27" bec="0" bev="0" fileid="20" />
                <SequencePoint vc="32" uspid="1114" ordinal="17" offset="190" sl="104" sc="17" el="104" ec="33" bec="0" bev="0" fileid="20" />
                <SequencePoint vc="32" uspid="1115" ordinal="18" offset="200" sl="105" sc="13" el="105" ec="14" bec="0" bev="0" fileid="20" />
                <SequencePoint vc="33" uspid="1116" ordinal="19" offset="201" sl="92" sc="13" el="92" ec="42" bec="2" bev="2" fileid="20" />
                <SequencePoint vc="1" uspid="1117" ordinal="20" offset="216" sl="107" sc="13" el="107" ec="37" bec="0" bev="0" fileid="20" />
                <SequencePoint vc="1" uspid="1118" ordinal="21" offset="223" sl="109" sc="13" el="109" ec="29" bec="0" bev="0" fileid="20" />
                <SequencePoint vc="1" uspid="1119" ordinal="22" offset="229" sl="110" sc="9" el="110" ec="10" bec="0" bev="0" fileid="20" />
              </SequencePoints>
              <BranchPoints>
                <BranchPoint vc="1" uspid="1120" ordinal="0" offset="211" sl="92" path="0" offsetend="216" fileid="20" />
                <BranchPoint vc="32" uspid="1121" ordinal="1" offset="211" sl="92" path="1" offsetend="55" fileid="20" />
              </BranchPoints>
              <MethodPoint xsi:type="SequencePoint" vc="1" uspid="1097" ordinal="0" offset="0" sl="67" sc="9" el="67" ec="10" bec="0" bev="0" fileid="20" />
            </Method>
            <Method visited="true" cyclomaticComplexity="2" nPathComplexity="2" sequenceCoverage="100" branchCoverage="66.67" crapScore="2" isConstructor="false" isStatic="false" isGetter="false" isSetter="false">
              <Summary numSequencePoints="20" visitedSequencePoints="20" numBranchPoints="3" visitedBranchPoints="2" sequenceCoverage="100" branchCoverage="66.67" maxCyclomaticComplexity="2" minCyclomaticComplexity="2" maxCrapScore="2" minCrapScore="2" visitedClasses="0" numClasses="0" visitedMethods="1" numMethods="1" />
              <MetadataToken>100663373</MetadataToken>
              <Name>System.String ConsoleAppControleTarefas.Controladores.ControladorContato::EditarRegistro(System.Int32,ConsoleAppControleTarefas.Dominio.Contato)</Name>
              <FileRef uid="20" />
              <SequencePoints>
                <SequencePoint vc="1" uspid="1122" ordinal="0" offset="0" sl="113" sc="9" el="113" ec="10" bec="0" bev="0" fileid="20" />
                <SequencePoint vc="1" uspid="1123" ordinal="1" offset="1" sl="114" sc="13" el="114" ec="50" bec="0" bev="0" fileid="20" />
                <SequencePoint vc="1" uspid="1124" ordinal="2" offset="8" sl="117" sc="13" el="117" ec="43" bec="2" bev="1" fileid="20" />
                <SequencePoint vc="1" uspid="1125" ordinal="3" offset="26" sl="118" sc="13" el="118" ec="14" bec="0" bev="0" fileid="20" />
                <SequencePoint vc="1" uspid="1126" ordinal="4" offset="27" sl="119" sc="17" el="119" ec="68" bec="0" bev="0" fileid="20" />
                <SequencePoint vc="1" uspid="1127" ordinal="5" offset="34" sl="121" sc="17" el="121" ec="66" bec="0" bev="0" fileid="20" />
                <SequencePoint vc="1" uspid="1128" ordinal="6" offset="40" sl="122" sc="17" el="122" ec="65" bec="0" bev="0" fileid="20" />
                <SequencePoint vc="1" uspid="1129" ordinal="7" offset="48" sl="124" sc="17" el="133" ec="31" bec="0" bev="0" fileid="20" />
                <SequencePoint vc="1" uspid="1130" ordinal="8" offset="55" sl="135" sc="17" el="135" ec="65" bec="0" bev="0" fileid="20" />
                <SequencePoint vc="1" uspid="1131" ordinal="9" offset="64" sl="137" sc="17" el="137" ec="80" bec="0" bev="0" fileid="20" />
                <SequencePoint vc="1" uspid="1132" ordinal="10" offset="87" sl="138" sc="17" el="138" ec="82" bec="0" bev="0" fileid="20" />
                <SequencePoint vc="1" uspid="1133" ordinal="11" offset="110" sl="139" sc="17" el="139" ec="84" bec="0" bev="0" fileid="20" />
                <SequencePoint vc="1" uspid="1134" ordinal="12" offset="133" sl="140" sc="17" el="140" ec="90" bec="0" bev="0" fileid="20" />
                <SequencePoint vc="1" uspid="1135" ordinal="13" offset="161" sl="141" sc="17" el="141" ec="88" bec="0" bev="0" fileid="20" />
                <SequencePoint vc="1" uspid="1136" ordinal="14" offset="184" sl="142" sc="17" el="142" ec="84" bec="0" bev="0" fileid="20" />
                <SequencePoint vc="1" uspid="1137" ordinal="15" offset="207" sl="144" sc="17" el="144" ec="54" bec="0" bev="0" fileid="20" />
                <SequencePoint vc="1" uspid="1138" ordinal="16" offset="214" sl="146" sc="17" el="146" ec="41" bec="0" bev="0" fileid="20" />
                <SequencePoint vc="1" uspid="1139" ordinal="17" offset="221" sl="147" sc="13" el="147" ec="14" bec="0" bev="0" fileid="20" />
                <SequencePoint vc="1" uspid="1140" ordinal="18" offset="222" sl="148" sc="13" el="148" ec="30" bec="0" bev="0" fileid="20" />
                <SequencePoint vc="1" uspid="1141" ordinal="19" offset="227" sl="149" sc="9" el="149" ec="10" bec="0" bev="0" fileid="20" />
              </SequencePoints>
              <BranchPoints>
                <BranchPoint vc="1" uspid="1142" ordinal="0" offset="21" sl="117" path="0" offsetend="26" fileid="20" />
                <BranchPoint vc="0" uspid="1143" ordinal="1" offset="21" sl="117" path="1" offsetend="222" fileid="20" />
              </BranchPoints>
              <MethodPoint xsi:type="SequencePoint" vc="1" uspid="1122" ordinal="0" offset="0" sl="113" sc="9" el="113" ec="10" bec="0" bev="0" fileid="20" />
            </Method>
            <Method visited="true" cyclomaticComplexity="1" nPathComplexity="0" sequenceCoverage="100" branchCoverage="100" crapScore="1" isConstructor="false" isStatic="false" isGetter="false" isSetter="false">
              <Summary numSequencePoints="11" visitedSequencePoints="11" numBranchPoints="1" visitedBranchPoints="1" sequenceCoverage="100" branchCoverage="100" maxCyclomaticComplexity="1" minCyclomaticComplexity="1" maxCrapScore="1" minCrapScore="1" visitedClasses="0" numClasses="0" visitedMethods="1" numMethods="1" />
              <MetadataToken>100663374</MetadataToken>
              <Name>System.Boolean ConsoleAppControleTarefas.Controladores.ControladorContato::ExcluirRegistro(ConsoleAppControleTarefas.Dominio.Contato)</Name>
              <FileRef uid="20" />
              <SequencePoints>
                <SequencePoint vc="1" uspid="1144" ordinal="0" offset="0" sl="152" sc="9" el="152" ec="10" bec="0" bev="0" fileid="20" />
                <SequencePoint vc="1" uspid="1145" ordinal="1" offset="1" sl="153" sc="13" el="153" ec="64" bec="0" bev="0" fileid="20" />
                <SequencePoint vc="1" uspid="1146" ordinal="2" offset="8" sl="155" sc="13" el="155" ec="59" bec="0" bev="0" fileid="20" />
                <SequencePoint vc="1" uspid="1147" ordinal="3" offset="14" sl="156" sc="13" el="156" ec="58" bec="0" bev="0" fileid="20" />
                <SequencePoint vc="1" uspid="1148" ordinal="4" offset="22" sl="158" sc="13" el="161" ec="31" bec="0" bev="0" fileid="20" />
                <SequencePoint vc="1" uspid="1149" ordinal="5" offset="28" sl="163" sc="13" el="163" ec="55" bec="0" bev="0" fileid="20" />
                <SequencePoint vc="1" uspid="1150" ordinal="6" offset="36" sl="165" sc="13" el="165" ec="71" bec="0" bev="0" fileid="20" />
                <SequencePoint vc="1" uspid="1151" ordinal="7" offset="64" sl="167" sc="13" el="167" ec="47" bec="0" bev="0" fileid="20" />
                <SequencePoint vc="1" uspid="1152" ordinal="8" offset="71" sl="169" sc="13" el="169" ec="37" bec="0" bev="0" fileid="20" />
                <SequencePoint vc="1" uspid="1153" ordinal="9" offset="78" sl="171" sc="13" el="171" ec="25" bec="0" bev="0" fileid="20" />
                <SequencePoint vc="1" uspid="1154" ordinal="10" offset="82" sl="172" sc="9" el="172" ec="10" bec="0" bev="0" fileid="20" />
              </SequencePoints>
              <BranchPoints />
              <MethodPoint xsi:type="SequencePoint" vc="1" uspid="1144" ordinal="0" offset="0" sl="152" sc="9" el="152" ec="10" bec="0" bev="0" fileid="20" />
            </Method>
            <Method visited="false" cyclomaticComplexity="2" nPathComplexity="2" sequenceCoverage="0" branchCoverage="0" crapScore="6" isConstructor="false" isStatic="false" isGetter="false" isSetter="false">
              <Summary numSequencePoints="21" visitedSequencePoints="0" numBranchPoints="3" visitedBranchPoints="0" sequenceCoverage="0" branchCoverage="0" maxCyclomaticComplexity="2" minCyclomaticComplexity="2" maxCrapScore="6" minCrapScore="6" visitedClasses="0" numClasses="0" visitedMethods="0" numMethods="1" />
              <MetadataToken>100663375</MetadataToken>
              <Name>ConsoleAppControleTarefas.Dominio.Contato ConsoleAppControleTarefas.Controladores.ControladorContato::SelecionarRegistroPorId(System.Int32)</Name>
              <FileRef uid="20" />
              <SequencePoints>
                <SequencePoint vc="0" uspid="1155" ordinal="0" offset="0" sl="175" sc="9" el="175" ec="10" bec="0" bev="0" fileid="20" />
                <SequencePoint vc="0" uspid="1156" ordinal="1" offset="1" sl="176" sc="13" el="176" ec="64" bec="0" bev="0" fileid="20" />
                <SequencePoint vc="0" uspid="1157" ordinal="2" offset="8" sl="178" sc="13" el="178" ec="58" bec="0" bev="0" fileid="20" />
                <SequencePoint vc="0" uspid="1158" ordinal="3" offset="14" sl="179" sc="13" el="179" ec="57" bec="0" bev="0" fileid="20" />
                <SequencePoint vc="0" uspid="1159" ordinal="4" offset="22" sl="181" sc="13" el="192" ec="35" bec="0" bev="0" fileid="20" />
                <SequencePoint vc="0" uspid="1160" ordinal="5" offset="28" sl="194" sc="13" el="194" ec="53" bec="0" bev="0" fileid="20" />
                <SequencePoint vc="0" uspid="1161" ordinal="6" offset="36" sl="195" sc="13" el="195" ec="72" bec="0" bev="0" fileid="20" />
                <SequencePoint vc="0" uspid="1162" ordinal="7" offset="59" sl="197" sc="13" el="197" ec="75" bec="0" bev="0" fileid="20" />
                <SequencePoint vc="0" uspid="1163" ordinal="8" offset="66" sl="199" sc="13" el="199" ec="48" bec="2" bev="0" fileid="20" />
                <SequencePoint vc="0" uspid="1164" ordinal="9" offset="81" sl="200" sc="17" el="200" ec="29" bec="0" bev="0" fileid="20" />
                <SequencePoint vc="0" uspid="1165" ordinal="10" offset="89" sl="202" sc="13" el="202" ec="60" bec="0" bev="0" fileid="20" />
                <SequencePoint vc="0" uspid="1166" ordinal="11" offset="107" sl="203" sc="13" el="203" ec="68" bec="0" bev="0" fileid="20" />
                <SequencePoint vc="0" uspid="1167" ordinal="12" offset="125" sl="204" sc="13" el="204" ec="70" bec="0" bev="0" fileid="20" />
                <SequencePoint vc="0" uspid="1168" ordinal="13" offset="143" sl="205" sc="13" el="205" ec="72" bec="0" bev="0" fileid="20" />
                <SequencePoint vc="0" uspid="1169" ordinal="14" offset="161" sl="206" sc="13" el="206" ec="74" bec="0" bev="0" fileid="20" />
                <SequencePoint vc="0" uspid="1170" ordinal="15" offset="179" sl="207" sc="13" el="207" ec="70" bec="0" bev="0" fileid="20" />
                <SequencePoint vc="0" uspid="1171" ordinal="16" offset="197" sl="209" sc="13" el="209" ec="76" bec="0" bev="0" fileid="20" />
                <SequencePoint vc="0" uspid="1172" ordinal="17" offset="214" sl="210" sc="13" el="210" ec="23" bec="0" bev="0" fileid="20" />
                <SequencePoint vc="0" uspid="1173" ordinal="18" offset="223" sl="212" sc="13" el="212" ec="37" bec="0" bev="0" fileid="20" />
                <SequencePoint vc="0" uspid="1174" ordinal="19" offset="230" sl="214" sc="13" el="214" ec="22" bec="0" bev="0" fileid="20" />
                <SequencePoint vc="0" uspid="1175" ordinal="20" offset="236" sl="215" sc="9" el="215" ec="10" bec="0" bev="0" fileid="20" />
              </SequencePoints>
              <BranchPoints>
                <BranchPoint vc="0" uspid="1176" ordinal="0" offset="79" sl="199" path="0" offsetend="81" fileid="20" />
                <BranchPoint vc="0" uspid="1177" ordinal="1" offset="79" sl="199" path="1" offsetend="89" fileid="20" />
              </BranchPoints>
              <MethodPoint xsi:type="SequencePoint" vc="0" uspid="1155" ordinal="0" offset="0" sl="175" sc="9" el="175" ec="10" bec="0" bev="0" fileid="20" />
            </Method>
            <Method visited="false" cyclomaticComplexity="1" nPathComplexity="0" sequenceCoverage="0" branchCoverage="0" crapScore="2" isConstructor="true" isStatic="false" isGetter="false" isSetter="false">
              <Summary numSequencePoints="0" visitedSequencePoints="0" numBranchPoints="0" visitedBranchPoints="0" sequenceCoverage="0" branchCoverage="0" maxCyclomaticComplexity="1" minCyclomaticComplexity="1" maxCrapScore="2" minCrapScore="2" visitedClasses="0" numClasses="0" visitedMethods="0" numMethods="0" />
              <MetadataToken>100663376</MetadataToken>
              <Name>System.Void ConsoleAppControleTarefas.Controladores.ControladorContato::.ctor()</Name>
              <SequencePoints />
              <BranchPoints />
              <MethodPoint vc="0" uspid="1178" ordinal="0" offset="0" />
            </Method>
          </Methods>
        </Class>
      </Classes>
    </Module>
  </Modules>
</CoverageSession>